<?xml version="1.0" encoding="UTF-8"?>
<coverage generated="1734456498640" clover="3.2.0">
  <project timestamp="1734456498641" name="All files">
    <metrics statements="191" coveredstatements="184" conditionals="46" coveredconditionals="44" methods="27" coveredmethods="26" elements="264" coveredelements="254" complexity="0" loc="191" ncloc="191" packages="4" files="11" classes="11"/>
    <package name="models">
      <metrics statements="28" coveredstatements="26" conditionals="2" coveredconditionals="1" methods="0" coveredmethods="0"/>
      <file name="cart.js" path="C:\Users\joses\Documents\GitHub\CSProyectoFinal\models\cart.js">
        <metrics statements="4" coveredstatements="4" conditionals="0" coveredconditionals="0" methods="0" coveredmethods="0"/>
        <line num="1" count="3" type="stmt"/>
        <line num="2" count="3" type="stmt"/>
        <line num="4" count="3" type="stmt"/>
        <line num="11" count="3" type="stmt"/>
      </file>
      <file name="cartItem.js" path="C:\Users\joses\Documents\GitHub\CSProyectoFinal\models\cartItem.js">
        <metrics statements="8" coveredstatements="8" conditionals="0" coveredconditionals="0" methods="0" coveredmethods="0"/>
        <line num="1" count="3" type="stmt"/>
        <line num="2" count="3" type="stmt"/>
        <line num="3" count="3" type="stmt"/>
        <line num="4" count="3" type="stmt"/>
        <line num="6" count="3" type="stmt"/>
        <line num="14" count="3" type="stmt"/>
        <line num="15" count="3" type="stmt"/>
        <line num="17" count="3" type="stmt"/>
      </file>
      <file name="category.js" path="C:\Users\joses\Documents\GitHub\CSProyectoFinal\models\category.js">
        <metrics statements="4" coveredstatements="4" conditionals="0" coveredconditionals="0" methods="0" coveredmethods="0"/>
        <line num="1" count="3" type="stmt"/>
        <line num="2" count="3" type="stmt"/>
        <line num="4" count="3" type="stmt"/>
        <line num="12" count="3" type="stmt"/>
      </file>
      <file name="index.js" path="C:\Users\joses\Documents\GitHub\CSProyectoFinal\models\index.js">
        <metrics statements="6" coveredstatements="4" conditionals="2" coveredconditionals="1" methods="0" coveredmethods="0"/>
        <line num="1" count="3" type="stmt"/>
        <line num="3" count="3" type="cond" truecount="1" falsecount="1"/>
        <line num="4" count="3" type="stmt"/>
        <line num="10" count="3" type="stmt"/>
        <line num="12" count="0" type="stmt"/>
        <line num="17" count="0" type="stmt"/>
      </file>
      <file name="product.js" path="C:\Users\joses\Documents\GitHub\CSProyectoFinal\models\product.js">
        <metrics statements="6" coveredstatements="6" conditionals="0" coveredconditionals="0" methods="0" coveredmethods="0"/>
        <line num="1" count="3" type="stmt"/>
        <line num="2" count="3" type="stmt"/>
        <line num="3" count="3" type="stmt"/>
        <line num="5" count="3" type="stmt"/>
        <line num="36" count="3" type="stmt"/>
        <line num="38" count="3" type="stmt"/>
      </file>
    </package>
    <package name="routes">
      <metrics statements="70" coveredstatements="70" conditionals="0" coveredconditionals="0" methods="11" coveredmethods="11"/>
      <file name="cart.js" path="C:\Users\joses\Documents\GitHub\CSProyectoFinal\routes\cart.js">
        <metrics statements="32" coveredstatements="32" conditionals="0" coveredconditionals="0" methods="5" coveredmethods="5"/>
        <line num="1" count="1" type="stmt"/>
        <line num="2" count="1" type="stmt"/>
        <line num="3" count="1" type="stmt"/>
        <line num="6" count="1" type="stmt"/>
        <line num="7" count="2" type="stmt"/>
        <line num="8" count="2" type="stmt"/>
        <line num="9" count="2" type="stmt"/>
        <line num="10" count="1" type="stmt"/>
        <line num="12" count="1" type="stmt"/>
        <line num="17" count="1" type="stmt"/>
        <line num="18" count="2" type="stmt"/>
        <line num="19" count="2" type="stmt"/>
        <line num="20" count="2" type="stmt"/>
        <line num="21" count="1" type="stmt"/>
        <line num="23" count="1" type="stmt"/>
        <line num="28" count="1" type="stmt"/>
        <line num="29" count="2" type="stmt"/>
        <line num="30" count="2" type="stmt"/>
        <line num="31" count="1" type="stmt"/>
        <line num="33" count="1" type="stmt"/>
        <line num="38" count="1" type="stmt"/>
        <line num="39" count="2" type="stmt"/>
        <line num="40" count="2" type="stmt"/>
        <line num="41" count="2" type="stmt"/>
        <line num="42" count="1" type="stmt"/>
        <line num="44" count="1" type="stmt"/>
        <line num="49" count="1" type="stmt"/>
        <line num="50" count="2" type="stmt"/>
        <line num="51" count="2" type="stmt"/>
        <line num="52" count="1" type="stmt"/>
        <line num="54" count="1" type="stmt"/>
        <line num="58" count="1" type="stmt"/>
      </file>
      <file name="categories.js" path="C:\Users\joses\Documents\GitHub\CSProyectoFinal\routes\categories.js">
        <metrics statements="12" coveredstatements="12" conditionals="0" coveredconditionals="0" methods="2" coveredmethods="2"/>
        <line num="1" count="1" type="stmt"/>
        <line num="2" count="1" type="stmt"/>
        <line num="3" count="1" type="stmt"/>
        <line num="6" count="1" type="stmt"/>
        <line num="7" count="2" type="stmt"/>
        <line num="8" count="2" type="stmt"/>
        <line num="9" count="1" type="stmt"/>
        <line num="11" count="1" type="stmt"/>
        <line num="16" count="1" type="stmt"/>
        <line num="17" count="2" type="stmt"/>
        <line num="18" count="2" type="stmt"/>
        <line num="21" count="1" type="stmt"/>
      </file>
      <file name="products.js" path="C:\Users\joses\Documents\GitHub\CSProyectoFinal\routes\products.js">
        <metrics statements="26" coveredstatements="26" conditionals="0" coveredconditionals="0" methods="4" coveredmethods="4"/>
        <line num="1" count="1" type="stmt"/>
        <line num="2" count="1" type="stmt"/>
        <line num="3" count="1" type="stmt"/>
        <line num="6" count="1" type="stmt"/>
        <line num="7" count="4" type="stmt"/>
        <line num="8" count="4" type="stmt"/>
        <line num="9" count="1" type="stmt"/>
        <line num="11" count="3" type="stmt"/>
        <line num="16" count="1" type="stmt"/>
        <line num="17" count="3" type="stmt"/>
        <line num="18" count="3" type="stmt"/>
        <line num="19" count="2" type="stmt"/>
        <line num="21" count="1" type="stmt"/>
        <line num="26" count="1" type="stmt"/>
        <line num="27" count="4" type="stmt"/>
        <line num="28" count="4" type="stmt"/>
        <line num="34" count="4" type="stmt"/>
        <line num="39" count="3" type="stmt"/>
        <line num="41" count="1" type="stmt"/>
        <line num="46" count="1" type="stmt"/>
        <line num="47" count="3" type="stmt"/>
        <line num="48" count="3" type="stmt"/>
        <line num="54" count="3" type="stmt"/>
        <line num="59" count="2" type="stmt"/>
        <line num="61" count="1" type="stmt"/>
        <line num="65" count="1" type="stmt"/>
      </file>
    </package>
    <package name="services">
      <metrics statements="84" coveredstatements="79" conditionals="44" coveredconditionals="43" methods="14" coveredmethods="13"/>
      <file name="cartService.js" path="C:\Users\joses\Documents\GitHub\CSProyectoFinal\services\cartService.js">
        <metrics statements="46" coveredstatements="41" conditionals="18" coveredconditionals="18" methods="6" coveredmethods="5"/>
        <line num="1" count="2" type="stmt"/>
        <line num="2" count="2" type="stmt"/>
        <line num="3" count="2" type="stmt"/>
        <line num="7" count="8" type="cond" truecount="2" falsecount="0"/>
        <line num="8" count="1" type="stmt"/>
        <line num="10" count="7" type="stmt"/>
        <line num="14" count="10" type="stmt"/>
        <line num="15" count="10" type="cond" truecount="2" falsecount="0"/>
        <line num="16" count="2" type="stmt"/>
        <line num="19" count="8" type="cond" truecount="2" falsecount="0"/>
        <line num="20" count="1" type="stmt"/>
        <line num="24" count="7" type="stmt"/>
        <line num="28" count="7" type="cond" truecount="2" falsecount="0"/>
        <line num="29" count="3" type="stmt"/>
        <line num="30" count="3" type="cond" truecount="2" falsecount="0"/>
        <line num="31" count="1" type="stmt"/>
        <line num="33" count="2" type="stmt"/>
        <line num="34" count="2" type="stmt"/>
        <line num="35" count="1" type="stmt"/>
        <line num="38" count="4" type="stmt"/>
        <line num="43" count="3" type="stmt"/>
        <line num="44" count="3" type="cond" truecount="2" falsecount="0"/>
        <line num="45" count="2" type="stmt"/>
        <line num="48" count="1" type="stmt"/>
        <line num="53" count="1" type="stmt"/>
        <line num="54" count="1" type="stmt"/>
        <line num="56" count="1" type="stmt"/>
        <line num="57" count="0" type="stmt"/>
        <line num="58" count="0" type="stmt"/>
        <line num="60" count="0" type="stmt"/>
        <line num="61" count="0" type="stmt"/>
        <line num="63" count="0" type="stmt"/>
        <line num="70" count="1" type="stmt"/>
        <line num="81" count="6" type="stmt"/>
        <line num="85" count="6" type="cond" truecount="2" falsecount="0"/>
        <line num="86" count="2" type="stmt"/>
        <line num="89" count="4" type="cond" truecount="2" falsecount="0"/>
        <line num="90" count="1" type="stmt"/>
        <line num="93" count="3" type="stmt"/>
        <line num="94" count="3" type="stmt"/>
        <line num="95" count="2" type="stmt"/>
        <line num="99" count="5" type="stmt"/>
        <line num="100" count="4" type="cond" truecount="2" falsecount="0"/>
        <line num="101" count="2" type="stmt"/>
        <line num="103" count="2" type="stmt"/>
        <line num="107" count="2" type="stmt"/>
      </file>
      <file name="productService.js" path="C:\Users\joses\Documents\GitHub\CSProyectoFinal\services\productService.js">
        <metrics statements="38" coveredstatements="38" conditionals="26" coveredconditionals="25" methods="8" coveredmethods="8"/>
        <line num="1" count="3" type="stmt"/>
        <line num="2" count="3" type="stmt"/>
        <line num="3" count="3" type="stmt"/>
        <line num="7" count="3" type="stmt"/>
        <line num="11" count="2" type="stmt"/>
        <line num="16" count="9" type="stmt"/>
        <line num="17" count="9" type="cond" truecount="2" falsecount="0"/>
        <line num="18" count="2" type="stmt"/>
        <line num="21" count="7" type="stmt"/>
        <line num="26" count="4" type="cond" truecount="2" falsecount="0"/>
        <line num="27" count="3" type="stmt"/>
        <line num="28" count="3" type="cond" truecount="2" falsecount="0"/>
        <line num="29" count="1" type="stmt"/>
        <line num="33" count="3" type="stmt"/>
        <line num="37" count="1" type="stmt"/>
        <line num="41" count="8" type="cond" truecount="2" falsecount="0"/>
        <line num="42" count="16" type="stmt"/>
        <line num="45" count="8" type="cond" truecount="2" falsecount="0"/>
        <line num="46" count="1" type="stmt"/>
        <line num="49" count="7" type="stmt"/>
        <line num="51" count="7" type="stmt"/>
        <line num="61" count="7" type="cond" truecount="2" falsecount="0"/>
        <line num="62" count="2" type="stmt"/>
        <line num="66" count="7" type="cond" truecount="2" falsecount="0"/>
        <line num="67" count="1" type="stmt"/>
        <line num="69" count="7" type="cond" truecount="2" falsecount="0"/>
        <line num="70" count="1" type="stmt"/>
        <line num="73" count="7" type="stmt"/>
        <line num="77" count="7" type="stmt"/>
        <line num="79" count="7" type="stmt"/>
        <line num="85" count="7" type="cond" truecount="2" falsecount="0"/>
        <line num="86" count="1" type="stmt"/>
        <line num="90" count="7" type="cond" truecount="2" falsecount="0"/>
        <line num="91" count="2" type="stmt"/>
        <line num="93" count="7" type="cond" truecount="2" falsecount="0"/>
        <line num="94" count="2" type="stmt"/>
        <line num="97" count="7" type="stmt"/>
        <line num="101" count="3" type="stmt"/>
      </file>
    </package>
    <package name="tests.setup">
      <metrics statements="9" coveredstatements="9" conditionals="0" coveredconditionals="0" methods="2" coveredmethods="2"/>
      <file name="testDb.js" path="C:\Users\joses\Documents\GitHub\CSProyectoFinal\tests\setup\testDb.js">
        <metrics statements="9" coveredstatements="9" conditionals="0" coveredconditionals="0" methods="2" coveredmethods="2"/>
        <line num="1" count="3" type="stmt"/>
        <line num="2" count="3" type="stmt"/>
        <line num="3" count="3" type="stmt"/>
        <line num="4" count="3" type="stmt"/>
        <line num="9" count="3" type="stmt"/>
        <line num="11" count="3" type="stmt"/>
        <line num="15" count="3" type="stmt"/>
        <line num="16" count="3" type="stmt"/>
        <line num="19" count="3" type="stmt"/>
      </file>
    </package>
  </project>
</coverage>
