{"C:\\Users\\joses\\Documents\\GitHub\\CSProyectoFinal\\models\\cart.js": {"path":"C:\\Users\\joses\\Documents\\GitHub\\CSProyectoFinal\\models\\cart.js","statementMap":{"0":{"start":{"line":1,"column":22},"end":{"line":1,"column":42}},"1":{"start":{"line":2,"column":22},"end":{"line":2,"column":40}},"2":{"start":{"line":4,"column":13},"end":{"line":9,"column":2}},"3":{"start":{"line":11,"column":0},"end":{"line":11,"column":22}}},"fnMap":{},"branchMap":{},"s":{"0":3,"1":3,"2":3,"3":3},"f":{},"b":{},"_coverageSchema":"1a1c01bbd47fc00a2c39e90264f33305004495a9","hash":"34635453362909c55b81777ef3d633e249186a04"}
,"C:\\Users\\joses\\Documents\\GitHub\\CSProyectoFinal\\models\\cartItem.js": {"path":"C:\\Users\\joses\\Documents\\GitHub\\CSProyectoFinal\\models\\cartItem.js","statementMap":{"0":{"start":{"line":1,"column":22},"end":{"line":1,"column":40}},"1":{"start":{"line":2,"column":22},"end":{"line":2,"column":42}},"2":{"start":{"line":3,"column":13},"end":{"line":3,"column":30}},"3":{"start":{"line":4,"column":16},"end":{"line":4,"column":36}},"4":{"start":{"line":6,"column":17},"end":{"line":12,"column":2}},"5":{"start":{"line":14,"column":0},"end":{"line":14,"column":51}},"6":{"start":{"line":15,"column":0},"end":{"line":15,"column":57}},"7":{"start":{"line":17,"column":0},"end":{"line":17,"column":26}}},"fnMap":{},"branchMap":{},"s":{"0":3,"1":3,"2":3,"3":3,"4":3,"5":3,"6":3,"7":3},"f":{},"b":{},"_coverageSchema":"1a1c01bbd47fc00a2c39e90264f33305004495a9","hash":"6d2e14a77ca99fa671c99924a147395ded82151e"}
,"C:\\Users\\joses\\Documents\\GitHub\\CSProyectoFinal\\models\\category.js": {"path":"C:\\Users\\joses\\Documents\\GitHub\\CSProyectoFinal\\models\\category.js","statementMap":{"0":{"start":{"line":1,"column":22},"end":{"line":1,"column":42}},"1":{"start":{"line":2,"column":22},"end":{"line":2,"column":40}},"2":{"start":{"line":4,"column":17},"end":{"line":10,"column":2}},"3":{"start":{"line":12,"column":0},"end":{"line":12,"column":26}}},"fnMap":{},"branchMap":{},"s":{"0":3,"1":3,"2":3,"3":3},"f":{},"b":{},"_coverageSchema":"1a1c01bbd47fc00a2c39e90264f33305004495a9","hash":"1425be99f60d4b9f465192a51c9bb30a26a886ff"}
,"C:\\Users\\joses\\Documents\\GitHub\\CSProyectoFinal\\models\\index.js": {"path":"C:\\Users\\joses\\Documents\\GitHub\\CSProyectoFinal\\models\\index.js","statementMap":{"0":{"start":{"line":1,"column":22},"end":{"line":1,"column":42}},"1":{"start":{"line":3,"column":0},"end":{"line":18,"column":1}},"2":{"start":{"line":4,"column":20},"end":{"line":8,"column":4}},"3":{"start":{"line":10,"column":2},"end":{"line":10,"column":33}},"4":{"start":{"line":12,"column":20},"end":{"line":15,"column":4}},"5":{"start":{"line":17,"column":2},"end":{"line":17,"column":33}}},"fnMap":{},"branchMap":{"0":{"loc":{"start":{"line":3,"column":0},"end":{"line":18,"column":1}},"type":"if","locations":[{"start":{"line":3,"column":0},"end":{"line":18,"column":1}},{"start":{"line":11,"column":7},"end":{"line":18,"column":1}}],"line":3}},"s":{"0":3,"1":3,"2":3,"3":3,"4":0,"5":0},"f":{},"b":{"0":[3,0]},"_coverageSchema":"1a1c01bbd47fc00a2c39e90264f33305004495a9","hash":"aeaa2dccc48a7623aef71e7fc7b520acb9de842a"}
,"C:\\Users\\joses\\Documents\\GitHub\\CSProyectoFinal\\models\\product.js": {"path":"C:\\Users\\joses\\Documents\\GitHub\\CSProyectoFinal\\models\\product.js","statementMap":{"0":{"start":{"line":1,"column":22},"end":{"line":1,"column":42}},"1":{"start":{"line":2,"column":22},"end":{"line":2,"column":40}},"2":{"start":{"line":3,"column":17},"end":{"line":3,"column":38}},"3":{"start":{"line":5,"column":16},"end":{"line":34,"column":2}},"4":{"start":{"line":36,"column":0},"end":{"line":36,"column":58}},"5":{"start":{"line":38,"column":0},"end":{"line":38,"column":25}}},"fnMap":{},"branchMap":{},"s":{"0":3,"1":3,"2":3,"3":3,"4":3,"5":3},"f":{},"b":{},"_coverageSchema":"1a1c01bbd47fc00a2c39e90264f33305004495a9","hash":"5252c9623f2e8466120df3690d14550046709c48"}
,"C:\\Users\\joses\\Documents\\GitHub\\CSProyectoFinal\\routes\\cart.js": {"path":"C:\\Users\\joses\\Documents\\GitHub\\CSProyectoFinal\\routes\\cart.js","statementMap":{"0":{"start":{"line":1,"column":16},"end":{"line":1,"column":34}},"1":{"start":{"line":2,"column":20},"end":{"line":2,"column":54}},"2":{"start":{"line":3,"column":15},"end":{"line":3,"column":31}},"3":{"start":{"line":6,"column":0},"end":{"line":15,"column":3}},"4":{"start":{"line":7,"column":2},"end":{"line":14,"column":3}},"5":{"start":{"line":8,"column":19},"end":{"line":8,"column":36}},"6":{"start":{"line":9,"column":4},"end":{"line":9,"column":102}},"7":{"start":{"line":9,"column":23},"end":{"line":9,"column":100}},"8":{"start":{"line":10,"column":17},"end":{"line":10,"column":53}},"9":{"start":{"line":11,"column":4},"end":{"line":11,"column":38}},"10":{"start":{"line":13,"column":4},"end":{"line":13,"column":58}},"11":{"start":{"line":18,"column":0},"end":{"line":26,"column":3}},"12":{"start":{"line":19,"column":2},"end":{"line":25,"column":3}},"13":{"start":{"line":20,"column":36},"end":{"line":20,"column":44}},"14":{"start":{"line":21,"column":21},"end":{"line":21,"column":92}},"15":{"start":{"line":22,"column":4},"end":{"line":22,"column":35}},"16":{"start":{"line":24,"column":4},"end":{"line":24,"column":51}},"17":{"start":{"line":29,"column":0},"end":{"line":38,"column":3}},"18":{"start":{"line":30,"column":2},"end":{"line":37,"column":3}},"19":{"start":{"line":31,"column":19},"end":{"line":31,"column":36}},"20":{"start":{"line":32,"column":4},"end":{"line":32,"column":102}},"21":{"start":{"line":32,"column":23},"end":{"line":32,"column":100}},"22":{"start":{"line":33,"column":18},"end":{"line":33,"column":67}},"23":{"start":{"line":34,"column":4},"end":{"line":34,"column":27}},"24":{"start":{"line":36,"column":4},"end":{"line":36,"column":59}},"25":{"start":{"line":41,"column":0},"end":{"line":49,"column":3}},"26":{"start":{"line":42,"column":2},"end":{"line":48,"column":3}},"27":{"start":{"line":43,"column":25},"end":{"line":43,"column":33}},"28":{"start":{"line":44,"column":21},"end":{"line":44,"column":82}},"29":{"start":{"line":45,"column":4},"end":{"line":45,"column":23}},"30":{"start":{"line":47,"column":4},"end":{"line":47,"column":51}},"31":{"start":{"line":52,"column":0},"end":{"line":59,"column":3}},"32":{"start":{"line":53,"column":2},"end":{"line":58,"column":3}},"33":{"start":{"line":54,"column":4},"end":{"line":54,"column":56}},"34":{"start":{"line":55,"column":4},"end":{"line":55,"column":27}},"35":{"start":{"line":57,"column":4},"end":{"line":57,"column":51}},"36":{"start":{"line":61,"column":0},"end":{"line":61,"column":24}}},"fnMap":{"0":{"name":"(anonymous_0)","decl":{"start":{"line":6,"column":24},"end":{"line":6,"column":25}},"loc":{"start":{"line":6,"column":44},"end":{"line":15,"column":1}},"line":6},"1":{"name":"(anonymous_1)","decl":{"start":{"line":18,"column":30},"end":{"line":18,"column":31}},"loc":{"start":{"line":18,"column":50},"end":{"line":26,"column":1}},"line":18},"2":{"name":"(anonymous_2)","decl":{"start":{"line":29,"column":29},"end":{"line":29,"column":30}},"loc":{"start":{"line":29,"column":49},"end":{"line":38,"column":1}},"line":29},"3":{"name":"(anonymous_3)","decl":{"start":{"line":41,"column":37},"end":{"line":41,"column":38}},"loc":{"start":{"line":41,"column":57},"end":{"line":49,"column":1}},"line":41},"4":{"name":"(anonymous_4)","decl":{"start":{"line":52,"column":40},"end":{"line":52,"column":41}},"loc":{"start":{"line":52,"column":60},"end":{"line":59,"column":1}},"line":52}},"branchMap":{"0":{"loc":{"start":{"line":9,"column":4},"end":{"line":9,"column":102}},"type":"if","locations":[{"start":{"line":9,"column":4},"end":{"line":9,"column":102}},{"start":{},"end":{}}],"line":9},"1":{"loc":{"start":{"line":32,"column":4},"end":{"line":32,"column":102}},"type":"if","locations":[{"start":{"line":32,"column":4},"end":{"line":32,"column":102}},{"start":{},"end":{}}],"line":32}},"s":{"0":1,"1":1,"2":1,"3":1,"4":2,"5":2,"6":2,"7":1,"8":1,"9":1,"10":0,"11":1,"12":0,"13":0,"14":0,"15":0,"16":0,"17":1,"18":3,"19":3,"20":3,"21":1,"22":2,"23":2,"24":0,"25":1,"26":0,"27":0,"28":0,"29":0,"30":0,"31":1,"32":0,"33":0,"34":0,"35":0,"36":1},"f":{"0":2,"1":0,"2":3,"3":0,"4":0},"b":{"0":[1,1],"1":[1,2]},"_coverageSchema":"1a1c01bbd47fc00a2c39e90264f33305004495a9","hash":"60298672acd5550f0da9d6151264b8e02438e26b"}
,"C:\\Users\\joses\\Documents\\GitHub\\CSProyectoFinal\\routes\\categories.js": {"path":"C:\\Users\\joses\\Documents\\GitHub\\CSProyectoFinal\\routes\\categories.js","statementMap":{"0":{"start":{"line":1,"column":16},"end":{"line":1,"column":34}},"1":{"start":{"line":2,"column":17},"end":{"line":2,"column":46}},"2":{"start":{"line":3,"column":15},"end":{"line":3,"column":31}},"3":{"start":{"line":6,"column":0},"end":{"line":13,"column":3}},"4":{"start":{"line":7,"column":2},"end":{"line":12,"column":3}},"5":{"start":{"line":8,"column":21},"end":{"line":8,"column":52}},"6":{"start":{"line":9,"column":4},"end":{"line":9,"column":35}},"7":{"start":{"line":11,"column":4},"end":{"line":11,"column":51}},"8":{"start":{"line":16,"column":0},"end":{"line":19,"column":3}},"9":{"start":{"line":17,"column":21},"end":{"line":17,"column":45}},"10":{"start":{"line":18,"column":2},"end":{"line":18,"column":23}},"11":{"start":{"line":21,"column":0},"end":{"line":21,"column":24}}},"fnMap":{"0":{"name":"(anonymous_0)","decl":{"start":{"line":6,"column":17},"end":{"line":6,"column":18}},"loc":{"start":{"line":6,"column":37},"end":{"line":13,"column":1}},"line":6},"1":{"name":"(anonymous_1)","decl":{"start":{"line":16,"column":16},"end":{"line":16,"column":17}},"loc":{"start":{"line":16,"column":36},"end":{"line":19,"column":1}},"line":16}},"branchMap":{},"s":{"0":1,"1":1,"2":1,"3":1,"4":2,"5":2,"6":1,"7":1,"8":1,"9":2,"10":2,"11":1},"f":{"0":2,"1":2},"b":{},"_coverageSchema":"1a1c01bbd47fc00a2c39e90264f33305004495a9","hash":"0dc32f55890e6a2e562d1fe025e10ab1b9b3ef87"}
,"C:\\Users\\joses\\Documents\\GitHub\\CSProyectoFinal\\routes\\products.js": {"path":"C:\\Users\\joses\\Documents\\GitHub\\CSProyectoFinal\\routes\\products.js","statementMap":{"0":{"start":{"line":1,"column":16},"end":{"line":1,"column":34}},"1":{"start":{"line":2,"column":15},"end":{"line":2,"column":31}},"2":{"start":{"line":3,"column":23},"end":{"line":3,"column":60}},"3":{"start":{"line":6,"column":0},"end":{"line":13,"column":3}},"4":{"start":{"line":7,"column":2},"end":{"line":12,"column":3}},"5":{"start":{"line":8,"column":20},"end":{"line":8,"column":64}},"6":{"start":{"line":9,"column":4},"end":{"line":9,"column":34}},"7":{"start":{"line":11,"column":4},"end":{"line":11,"column":51}},"8":{"start":{"line":16,"column":0},"end":{"line":23,"column":3}},"9":{"start":{"line":17,"column":2},"end":{"line":22,"column":3}},"10":{"start":{"line":18,"column":21},"end":{"line":18,"column":58}},"11":{"start":{"line":19,"column":4},"end":{"line":19,"column":23}},"12":{"start":{"line":21,"column":4},"end":{"line":21,"column":51}},"13":{"start":{"line":26,"column":0},"end":{"line":43,"column":3}},"14":{"start":{"line":27,"column":2},"end":{"line":42,"column":3}},"15":{"start":{"line":28,"column":20},"end":{"line":32,"column":5}},"16":{"start":{"line":34,"column":21},"end":{"line":37,"column":5}},"17":{"start":{"line":39,"column":4},"end":{"line":39,"column":23}},"18":{"start":{"line":41,"column":4},"end":{"line":41,"column":51}},"19":{"start":{"line":46,"column":0},"end":{"line":63,"column":3}},"20":{"start":{"line":47,"column":2},"end":{"line":62,"column":3}},"21":{"start":{"line":48,"column":20},"end":{"line":52,"column":5}},"22":{"start":{"line":54,"column":21},"end":{"line":57,"column":5}},"23":{"start":{"line":59,"column":4},"end":{"line":59,"column":23}},"24":{"start":{"line":61,"column":4},"end":{"line":61,"column":51}},"25":{"start":{"line":65,"column":0},"end":{"line":65,"column":24}}},"fnMap":{"0":{"name":"(anonymous_0)","decl":{"start":{"line":6,"column":17},"end":{"line":6,"column":18}},"loc":{"start":{"line":6,"column":37},"end":{"line":13,"column":1}},"line":6},"1":{"name":"(anonymous_1)","decl":{"start":{"line":16,"column":16},"end":{"line":16,"column":17}},"loc":{"start":{"line":16,"column":36},"end":{"line":23,"column":1}},"line":16},"2":{"name":"(anonymous_2)","decl":{"start":{"line":26,"column":36},"end":{"line":26,"column":37}},"loc":{"start":{"line":26,"column":56},"end":{"line":43,"column":1}},"line":26},"3":{"name":"(anonymous_3)","decl":{"start":{"line":46,"column":26},"end":{"line":46,"column":27}},"loc":{"start":{"line":46,"column":46},"end":{"line":63,"column":1}},"line":46}},"branchMap":{},"s":{"0":1,"1":1,"2":1,"3":1,"4":4,"5":4,"6":1,"7":3,"8":1,"9":3,"10":3,"11":2,"12":1,"13":1,"14":4,"15":4,"16":4,"17":3,"18":1,"19":1,"20":3,"21":3,"22":3,"23":2,"24":1,"25":1},"f":{"0":4,"1":3,"2":4,"3":3},"b":{},"_coverageSchema":"1a1c01bbd47fc00a2c39e90264f33305004495a9","hash":"4e28d7136b26d18c7a2f9d51fbecdd1b6eb9f0b2"}
,"C:\\Users\\joses\\Documents\\GitHub\\CSProyectoFinal\\services\\cartService.js": {"path":"C:\\Users\\joses\\Documents\\GitHub\\CSProyectoFinal\\services\\cartService.js","statementMap":{"0":{"start":{"line":1,"column":13},"end":{"line":1,"column":38}},"1":{"start":{"line":2,"column":17},"end":{"line":2,"column":46}},"2":{"start":{"line":3,"column":16},"end":{"line":3,"column":44}},"3":{"start":{"line":7,"column":4},"end":{"line":7,"column":41}},"4":{"start":{"line":11,"column":20},"end":{"line":11,"column":53}},"5":{"start":{"line":12,"column":4},"end":{"line":14,"column":5}},"6":{"start":{"line":13,"column":6},"end":{"line":13,"column":43}},"7":{"start":{"line":16,"column":4},"end":{"line":18,"column":5}},"8":{"start":{"line":17,"column":6},"end":{"line":17,"column":56}},"9":{"start":{"line":21,"column":25},"end":{"line":23,"column":6}},"10":{"start":{"line":25,"column":4},"end":{"line":33,"column":5}},"11":{"start":{"line":26,"column":26},"end":{"line":26,"column":58}},"12":{"start":{"line":27,"column":6},"end":{"line":29,"column":7}},"13":{"start":{"line":28,"column":8},"end":{"line":28,"column":58}},"14":{"start":{"line":30,"column":6},"end":{"line":30,"column":42}},"15":{"start":{"line":31,"column":6},"end":{"line":31,"column":32}},"16":{"start":{"line":32,"column":6},"end":{"line":32,"column":26}},"17":{"start":{"line":35,"column":4},"end":{"line":35,"column":66}},"18":{"start":{"line":39,"column":18},"end":{"line":42,"column":6}},"19":{"start":{"line":44,"column":19},"end":{"line":44,"column":20}},"20":{"start":{"line":45,"column":19},"end":{"line":45,"column":20}},"21":{"start":{"line":47,"column":28},"end":{"line":59,"column":6}},"22":{"start":{"line":48,"column":27},"end":{"line":48,"column":61}},"23":{"start":{"line":49,"column":22},"end":{"line":49,"column":57}},"24":{"start":{"line":51,"column":6},"end":{"line":51,"column":31}},"25":{"start":{"line":52,"column":6},"end":{"line":52,"column":26}},"26":{"start":{"line":54,"column":6},"end":{"line":58,"column":8}},"27":{"start":{"line":61,"column":4},"end":{"line":68,"column":6}},"28":{"start":{"line":72,"column":21},"end":{"line":74,"column":6}},"29":{"start":{"line":76,"column":4},"end":{"line":78,"column":5}},"30":{"start":{"line":77,"column":6},"end":{"line":77,"column":40}},"31":{"start":{"line":80,"column":4},"end":{"line":82,"column":5}},"32":{"start":{"line":81,"column":6},"end":{"line":81,"column":56}},"33":{"start":{"line":84,"column":4},"end":{"line":84,"column":33}},"34":{"start":{"line":85,"column":4},"end":{"line":85,"column":26}},"35":{"start":{"line":86,"column":4},"end":{"line":86,"column":20}},"36":{"start":{"line":90,"column":21},"end":{"line":90,"column":52}},"37":{"start":{"line":91,"column":4},"end":{"line":93,"column":5}},"38":{"start":{"line":92,"column":6},"end":{"line":92,"column":40}},"39":{"start":{"line":94,"column":4},"end":{"line":94,"column":29}},"40":{"start":{"line":98,"column":0},"end":{"line":98,"column":29}}},"fnMap":{"0":{"name":"(anonymous_0)","decl":{"start":{"line":6,"column":2},"end":{"line":6,"column":3}},"loc":{"start":{"line":6,"column":34},"end":{"line":8,"column":3}},"line":6},"1":{"name":"(anonymous_1)","decl":{"start":{"line":10,"column":2},"end":{"line":10,"column":3}},"loc":{"start":{"line":10,"column":58},"end":{"line":36,"column":3}},"line":10},"2":{"name":"(anonymous_2)","decl":{"start":{"line":38,"column":2},"end":{"line":38,"column":3}},"loc":{"start":{"line":38,"column":36},"end":{"line":69,"column":3}},"line":38},"3":{"name":"(anonymous_3)","decl":{"start":{"line":47,"column":38},"end":{"line":47,"column":39}},"loc":{"start":{"line":47,"column":46},"end":{"line":59,"column":5}},"line":47},"4":{"name":"(anonymous_4)","decl":{"start":{"line":71,"column":2},"end":{"line":71,"column":3}},"loc":{"start":{"line":71,"column":48},"end":{"line":87,"column":3}},"line":71},"5":{"name":"(anonymous_5)","decl":{"start":{"line":89,"column":2},"end":{"line":89,"column":3}},"loc":{"start":{"line":89,"column":38},"end":{"line":95,"column":3}},"line":89}},"branchMap":{"0":{"loc":{"start":{"line":12,"column":4},"end":{"line":14,"column":5}},"type":"if","locations":[{"start":{"line":12,"column":4},"end":{"line":14,"column":5}},{"start":{},"end":{}}],"line":12},"1":{"loc":{"start":{"line":16,"column":4},"end":{"line":18,"column":5}},"type":"if","locations":[{"start":{"line":16,"column":4},"end":{"line":18,"column":5}},{"start":{},"end":{}}],"line":16},"2":{"loc":{"start":{"line":25,"column":4},"end":{"line":33,"column":5}},"type":"if","locations":[{"start":{"line":25,"column":4},"end":{"line":33,"column":5}},{"start":{},"end":{}}],"line":25},"3":{"loc":{"start":{"line":27,"column":6},"end":{"line":29,"column":7}},"type":"if","locations":[{"start":{"line":27,"column":6},"end":{"line":29,"column":7}},{"start":{},"end":{}}],"line":27},"4":{"loc":{"start":{"line":76,"column":4},"end":{"line":78,"column":5}},"type":"if","locations":[{"start":{"line":76,"column":4},"end":{"line":78,"column":5}},{"start":{},"end":{}}],"line":76},"5":{"loc":{"start":{"line":80,"column":4},"end":{"line":82,"column":5}},"type":"if","locations":[{"start":{"line":80,"column":4},"end":{"line":82,"column":5}},{"start":{},"end":{}}],"line":80},"6":{"loc":{"start":{"line":91,"column":4},"end":{"line":93,"column":5}},"type":"if","locations":[{"start":{"line":91,"column":4},"end":{"line":93,"column":5}},{"start":{},"end":{}}],"line":91}},"s":{"0":2,"1":2,"2":2,"3":3,"4":6,"5":6,"6":1,"7":5,"8":1,"9":4,"10":4,"11":3,"12":3,"13":1,"14":2,"15":2,"16":1,"17":1,"18":3,"19":3,"20":3,"21":3,"22":2,"23":2,"24":2,"25":2,"26":2,"27":3,"28":4,"29":4,"30":1,"31":3,"32":1,"33":2,"34":2,"35":1,"36":3,"37":2,"38":1,"39":1,"40":2},"f":{"0":3,"1":6,"2":3,"3":2,"4":4,"5":3},"b":{"0":[1,5],"1":[1,4],"2":[3,1],"3":[1,2],"4":[1,3],"5":[1,2],"6":[1,1]},"_coverageSchema":"1a1c01bbd47fc00a2c39e90264f33305004495a9","hash":"71fd08f50906b9108a2c1edea7a1220d41eb20e0"}
,"C:\\Users\\joses\\Documents\\GitHub\\CSProyectoFinal\\services\\productService.js": {"path":"C:\\Users\\joses\\Documents\\GitHub\\CSProyectoFinal\\services\\productService.js","statementMap":{"0":{"start":{"line":1,"column":16},"end":{"line":1,"column":44}},"1":{"start":{"line":2,"column":17},"end":{"line":2,"column":46}},"2":{"start":{"line":3,"column":15},"end":{"line":3,"column":35}},"3":{"start":{"line":7,"column":8},"end":{"line":7,"column":39}},"4":{"start":{"line":11,"column":8},"end":{"line":11,"column":42}},"5":{"start":{"line":16,"column":25},"end":{"line":16,"column":68}},"6":{"start":{"line":17,"column":8},"end":{"line":19,"column":9}},"7":{"start":{"line":18,"column":12},"end":{"line":18,"column":85}},"8":{"start":{"line":21,"column":8},"end":{"line":21,"column":45}},"9":{"start":{"line":26,"column":8},"end":{"line":31,"column":9}},"10":{"start":{"line":27,"column":29},"end":{"line":27,"column":72}},"11":{"start":{"line":28,"column":12},"end":{"line":30,"column":13}},"12":{"start":{"line":29,"column":16},"end":{"line":29,"column":89}},"13":{"start":{"line":33,"column":8},"end":{"line":33,"column":64}},"14":{"start":{"line":37,"column":8},"end":{"line":37,"column":56}},"15":{"start":{"line":41,"column":40},"end":{"line":41,"column":47}},"16":{"start":{"line":43,"column":29},"end":{"line":46,"column":9}},"17":{"start":{"line":49,"column":8},"end":{"line":51,"column":9}},"18":{"start":{"line":50,"column":12},"end":{"line":50,"column":51}},"19":{"start":{"line":54,"column":8},"end":{"line":56,"column":9}},"20":{"start":{"line":55,"column":12},"end":{"line":55,"column":49}},"21":{"start":{"line":57,"column":8},"end":{"line":59,"column":9}},"22":{"start":{"line":58,"column":12},"end":{"line":58,"column":51}},"23":{"start":{"line":61,"column":8},"end":{"line":61,"column":51}},"24":{"start":{"line":66,"column":28},"end":{"line":68,"column":12}},"25":{"start":{"line":67,"column":46},"end":{"line":67,"column":58}},"26":{"start":{"line":70,"column":8},"end":{"line":72,"column":9}},"27":{"start":{"line":71,"column":12},"end":{"line":71,"column":64}},"28":{"start":{"line":74,"column":40},"end":{"line":74,"column":47}},"29":{"start":{"line":76,"column":29},"end":{"line":83,"column":9}},"30":{"start":{"line":86,"column":8},"end":{"line":88,"column":9}},"31":{"start":{"line":87,"column":12},"end":{"line":87,"column":51}},"32":{"start":{"line":91,"column":8},"end":{"line":93,"column":9}},"33":{"start":{"line":92,"column":12},"end":{"line":92,"column":49}},"34":{"start":{"line":94,"column":8},"end":{"line":96,"column":9}},"35":{"start":{"line":95,"column":12},"end":{"line":95,"column":51}},"36":{"start":{"line":98,"column":8},"end":{"line":98,"column":51}},"37":{"start":{"line":102,"column":0},"end":{"line":102,"column":32}}},"fnMap":{"0":{"name":"(anonymous_0)","decl":{"start":{"line":6,"column":4},"end":{"line":6,"column":5}},"loc":{"start":{"line":6,"column":34},"end":{"line":8,"column":5}},"line":6},"1":{"name":"(anonymous_1)","decl":{"start":{"line":10,"column":4},"end":{"line":10,"column":5}},"loc":{"start":{"line":10,"column":36},"end":{"line":12,"column":5}},"line":10},"2":{"name":"(anonymous_2)","decl":{"start":{"line":14,"column":4},"end":{"line":14,"column":5}},"loc":{"start":{"line":14,"column":40},"end":{"line":22,"column":5}},"line":14},"3":{"name":"(anonymous_3)","decl":{"start":{"line":24,"column":4},"end":{"line":24,"column":5}},"loc":{"start":{"line":24,"column":44},"end":{"line":34,"column":5}},"line":24},"4":{"name":"(anonymous_4)","decl":{"start":{"line":36,"column":4},"end":{"line":36,"column":5}},"loc":{"start":{"line":36,"column":35},"end":{"line":38,"column":5}},"line":36},"5":{"name":"(anonymous_5)","decl":{"start":{"line":40,"column":4},"end":{"line":40,"column":5}},"loc":{"start":{"line":40,"column":65},"end":{"line":62,"column":5}},"line":40},"6":{"name":"(anonymous_6)","decl":{"start":{"line":64,"column":4},"end":{"line":64,"column":5}},"loc":{"start":{"line":64,"column":71},"end":{"line":99,"column":5}},"line":64},"7":{"name":"(anonymous_7)","decl":{"start":{"line":67,"column":40},"end":{"line":67,"column":41}},"loc":{"start":{"line":67,"column":46},"end":{"line":67,"column":58}},"line":67}},"branchMap":{"0":{"loc":{"start":{"line":17,"column":8},"end":{"line":19,"column":9}},"type":"if","locations":[{"start":{"line":17,"column":8},"end":{"line":19,"column":9}},{"start":{},"end":{}}],"line":17},"1":{"loc":{"start":{"line":26,"column":8},"end":{"line":31,"column":9}},"type":"if","locations":[{"start":{"line":26,"column":8},"end":{"line":31,"column":9}},{"start":{},"end":{}}],"line":26},"2":{"loc":{"start":{"line":28,"column":12},"end":{"line":30,"column":13}},"type":"if","locations":[{"start":{"line":28,"column":12},"end":{"line":30,"column":13}},{"start":{},"end":{}}],"line":28},"3":{"loc":{"start":{"line":40,"column":51},"end":{"line":40,"column":63}},"type":"default-arg","locations":[{"start":{"line":40,"column":61},"end":{"line":40,"column":63}}],"line":40},"4":{"loc":{"start":{"line":49,"column":8},"end":{"line":51,"column":9}},"type":"if","locations":[{"start":{"line":49,"column":8},"end":{"line":51,"column":9}},{"start":{},"end":{}}],"line":49},"5":{"loc":{"start":{"line":54,"column":8},"end":{"line":56,"column":9}},"type":"if","locations":[{"start":{"line":54,"column":8},"end":{"line":56,"column":9}},{"start":{},"end":{}}],"line":54},"6":{"loc":{"start":{"line":57,"column":8},"end":{"line":59,"column":9}},"type":"if","locations":[{"start":{"line":57,"column":8},"end":{"line":59,"column":9}},{"start":{},"end":{}}],"line":57},"7":{"loc":{"start":{"line":64,"column":57},"end":{"line":64,"column":69}},"type":"default-arg","locations":[{"start":{"line":64,"column":67},"end":{"line":64,"column":69}}],"line":64},"8":{"loc":{"start":{"line":66,"column":28},"end":{"line":68,"column":12}},"type":"cond-expr","locations":[{"start":{"line":67,"column":10},"end":{"line":67,"column":59}},{"start":{"line":68,"column":10},"end":{"line":68,"column":12}}],"line":66},"9":{"loc":{"start":{"line":70,"column":8},"end":{"line":72,"column":9}},"type":"if","locations":[{"start":{"line":70,"column":8},"end":{"line":72,"column":9}},{"start":{},"end":{}}],"line":70},"10":{"loc":{"start":{"line":79,"column":29},"end":{"line":79,"column":85}},"type":"cond-expr","locations":[{"start":{"line":79,"column":58},"end":{"line":79,"column":69}},{"start":{"line":79,"column":72},"end":{"line":79,"column":85}}],"line":79},"11":{"loc":{"start":{"line":86,"column":8},"end":{"line":88,"column":9}},"type":"if","locations":[{"start":{"line":86,"column":8},"end":{"line":88,"column":9}},{"start":{},"end":{}}],"line":86},"12":{"loc":{"start":{"line":91,"column":8},"end":{"line":93,"column":9}},"type":"if","locations":[{"start":{"line":91,"column":8},"end":{"line":93,"column":9}},{"start":{},"end":{}}],"line":91},"13":{"loc":{"start":{"line":94,"column":8},"end":{"line":96,"column":9}},"type":"if","locations":[{"start":{"line":94,"column":8},"end":{"line":96,"column":9}},{"start":{},"end":{}}],"line":94}},"s":{"0":2,"1":2,"2":2,"3":3,"4":2,"5":6,"6":6,"7":2,"8":4,"9":3,"10":3,"11":3,"12":1,"13":2,"14":1,"15":3,"16":3,"17":3,"18":0,"19":3,"20":0,"21":3,"22":0,"23":3,"24":4,"25":5,"26":4,"27":1,"28":3,"29":3,"30":3,"31":0,"32":3,"33":0,"34":3,"35":0,"36":3,"37":2},"f":{"0":3,"1":2,"2":6,"3":3,"4":1,"5":3,"6":4,"7":5},"b":{"0":[2,4],"1":[3,0],"2":[1,2],"3":[0],"4":[0,3],"5":[0,3],"6":[0,3],"7":[1],"8":[3,1],"9":[1,3],"10":[3,0],"11":[0,3],"12":[0,3],"13":[0,3]},"_coverageSchema":"1a1c01bbd47fc00a2c39e90264f33305004495a9","hash":"416412ec0126bea0be28c2639173cdb6810b1a20"}
,"C:\\Users\\joses\\Documents\\GitHub\\CSProyectoFinal\\tests\\setup\\testDb.js": {"path":"C:\\Users\\joses\\Documents\\GitHub\\CSProyectoFinal\\tests\\setup\\testDb.js","statementMap":{"0":{"start":{"line":1,"column":22},"end":{"line":1,"column":46}},"1":{"start":{"line":2,"column":17},"end":{"line":2,"column":49}},"2":{"start":{"line":3,"column":16},"end":{"line":3,"column":47}},"3":{"start":{"line":4,"column":17},"end":{"line":4,"column":49}},"4":{"start":{"line":9,"column":19},"end":{"line":12,"column":1}},"5":{"start":{"line":11,"column":2},"end":{"line":11,"column":40}},"6":{"start":{"line":15,"column":20},"end":{"line":17,"column":1}},"7":{"start":{"line":16,"column":2},"end":{"line":16,"column":26}},"8":{"start":{"line":19,"column":0},"end":{"line":23,"column":2}}},"fnMap":{"0":{"name":"(anonymous_0)","decl":{"start":{"line":9,"column":19},"end":{"line":9,"column":20}},"loc":{"start":{"line":9,"column":31},"end":{"line":12,"column":1}},"line":9},"1":{"name":"(anonymous_1)","decl":{"start":{"line":15,"column":20},"end":{"line":15,"column":21}},"loc":{"start":{"line":15,"column":32},"end":{"line":17,"column":1}},"line":15}},"branchMap":{},"s":{"0":3,"1":3,"2":3,"3":3,"4":3,"5":3,"6":3,"7":3,"8":3},"f":{"0":3,"1":3},"b":{},"_coverageSchema":"1a1c01bbd47fc00a2c39e90264f33305004495a9","hash":"9b3c1802dfc1ef1acb5a42cbe669cddce0df1eaa"}
}
