{"/Users/kendallguerra/Documents/UTP/Maestria_INGSFOT/Calidad de Software/ProyectoFinal/ecommerce-api/models/cart.js": {"path":"/Users/kendallguerra/Documents/UTP/Maestria_INGSFOT/Calidad de Software/ProyectoFinal/ecommerce-api/models/cart.js","statementMap":{"0":{"start":{"line":1,"column":22},"end":{"line":1,"column":42}},"1":{"start":{"line":2,"column":22},"end":{"line":2,"column":40}},"2":{"start":{"line":4,"column":13},"end":{"line":9,"column":2}},"3":{"start":{"line":11,"column":0},"end":{"line":11,"column":22}}},"fnMap":{},"branchMap":{},"s":{"0":3,"1":3,"2":3,"3":3},"f":{},"b":{},"_coverageSchema":"1a1c01bbd47fc00a2c39e90264f33305004495a9","hash":"2ebc914428f31378324fc2c6484a1d4d957c54bd"}
,"/Users/kendallguerra/Documents/UTP/Maestria_INGSFOT/Calidad de Software/ProyectoFinal/ecommerce-api/models/cartItem.js": {"path":"/Users/kendallguerra/Documents/UTP/Maestria_INGSFOT/Calidad de Software/ProyectoFinal/ecommerce-api/models/cartItem.js","statementMap":{"0":{"start":{"line":1,"column":22},"end":{"line":1,"column":40}},"1":{"start":{"line":2,"column":22},"end":{"line":2,"column":42}},"2":{"start":{"line":3,"column":13},"end":{"line":3,"column":30}},"3":{"start":{"line":4,"column":16},"end":{"line":4,"column":36}},"4":{"start":{"line":6,"column":17},"end":{"line":12,"column":2}},"5":{"start":{"line":14,"column":0},"end":{"line":14,"column":51}},"6":{"start":{"line":15,"column":0},"end":{"line":15,"column":57}},"7":{"start":{"line":17,"column":0},"end":{"line":17,"column":26}}},"fnMap":{},"branchMap":{},"s":{"0":3,"1":3,"2":3,"3":3,"4":3,"5":3,"6":3,"7":3},"f":{},"b":{},"_coverageSchema":"1a1c01bbd47fc00a2c39e90264f33305004495a9","hash":"ddb310ef8fe184d740331ab96d570fc3bfd929f1"}
,"/Users/kendallguerra/Documents/UTP/Maestria_INGSFOT/Calidad de Software/ProyectoFinal/ecommerce-api/models/category.js": {"path":"/Users/kendallguerra/Documents/UTP/Maestria_INGSFOT/Calidad de Software/ProyectoFinal/ecommerce-api/models/category.js","statementMap":{"0":{"start":{"line":1,"column":22},"end":{"line":1,"column":42}},"1":{"start":{"line":2,"column":22},"end":{"line":2,"column":40}},"2":{"start":{"line":4,"column":17},"end":{"line":10,"column":2}},"3":{"start":{"line":12,"column":0},"end":{"line":12,"column":26}}},"fnMap":{},"branchMap":{},"s":{"0":3,"1":3,"2":3,"3":3},"f":{},"b":{},"_coverageSchema":"1a1c01bbd47fc00a2c39e90264f33305004495a9","hash":"ae6a0ba1193c5a6805148518345a10cb0ea90007"}
,"/Users/kendallguerra/Documents/UTP/Maestria_INGSFOT/Calidad de Software/ProyectoFinal/ecommerce-api/models/index.js": {"path":"/Users/kendallguerra/Documents/UTP/Maestria_INGSFOT/Calidad de Software/ProyectoFinal/ecommerce-api/models/index.js","statementMap":{"0":{"start":{"line":1,"column":22},"end":{"line":1,"column":42}},"1":{"start":{"line":3,"column":0},"end":{"line":18,"column":1}},"2":{"start":{"line":4,"column":20},"end":{"line":8,"column":4}},"3":{"start":{"line":10,"column":2},"end":{"line":10,"column":33}},"4":{"start":{"line":12,"column":20},"end":{"line":15,"column":4}},"5":{"start":{"line":17,"column":2},"end":{"line":17,"column":33}}},"fnMap":{},"branchMap":{"0":{"loc":{"start":{"line":3,"column":0},"end":{"line":18,"column":1}},"type":"if","locations":[{"start":{"line":3,"column":0},"end":{"line":18,"column":1}},{"start":{"line":11,"column":7},"end":{"line":18,"column":1}}],"line":3}},"s":{"0":3,"1":3,"2":3,"3":3,"4":0,"5":0},"f":{},"b":{"0":[3,0]},"_coverageSchema":"1a1c01bbd47fc00a2c39e90264f33305004495a9","hash":"28ad73e92d1784d0e631b79817cd8e8d9d8ff5dc"}
,"/Users/kendallguerra/Documents/UTP/Maestria_INGSFOT/Calidad de Software/ProyectoFinal/ecommerce-api/models/product.js": {"path":"/Users/kendallguerra/Documents/UTP/Maestria_INGSFOT/Calidad de Software/ProyectoFinal/ecommerce-api/models/product.js","statementMap":{"0":{"start":{"line":1,"column":22},"end":{"line":1,"column":42}},"1":{"start":{"line":2,"column":22},"end":{"line":2,"column":40}},"2":{"start":{"line":3,"column":17},"end":{"line":3,"column":38}},"3":{"start":{"line":5,"column":16},"end":{"line":34,"column":2}},"4":{"start":{"line":36,"column":0},"end":{"line":36,"column":58}},"5":{"start":{"line":38,"column":0},"end":{"line":38,"column":25}}},"fnMap":{},"branchMap":{},"s":{"0":3,"1":3,"2":3,"3":3,"4":3,"5":3},"f":{},"b":{},"_coverageSchema":"1a1c01bbd47fc00a2c39e90264f33305004495a9","hash":"f561a43ce3aab0a6169270a82448079153ccb929"}
,"/Users/kendallguerra/Documents/UTP/Maestria_INGSFOT/Calidad de Software/ProyectoFinal/ecommerce-api/routes/cart.js": {"path":"/Users/kendallguerra/Documents/UTP/Maestria_INGSFOT/Calidad de Software/ProyectoFinal/ecommerce-api/routes/cart.js","statementMap":{"0":{"start":{"line":1,"column":16},"end":{"line":1,"column":34}},"1":{"start":{"line":2,"column":20},"end":{"line":2,"column":54}},"2":{"start":{"line":3,"column":15},"end":{"line":3,"column":31}},"3":{"start":{"line":6,"column":0},"end":{"line":13,"column":3}},"4":{"start":{"line":7,"column":2},"end":{"line":12,"column":3}},"5":{"start":{"line":8,"column":17},"end":{"line":8,"column":64}},"6":{"start":{"line":9,"column":4},"end":{"line":9,"column":31}},"7":{"start":{"line":11,"column":4},"end":{"line":11,"column":51}},"8":{"start":{"line":16,"column":0},"end":{"line":24,"column":3}},"9":{"start":{"line":17,"column":2},"end":{"line":23,"column":3}},"10":{"start":{"line":18,"column":36},"end":{"line":18,"column":44}},"11":{"start":{"line":19,"column":21},"end":{"line":19,"column":92}},"12":{"start":{"line":20,"column":4},"end":{"line":20,"column":35}},"13":{"start":{"line":22,"column":4},"end":{"line":22,"column":51}},"14":{"start":{"line":27,"column":0},"end":{"line":34,"column":3}},"15":{"start":{"line":28,"column":2},"end":{"line":33,"column":3}},"16":{"start":{"line":29,"column":18},"end":{"line":29,"column":67}},"17":{"start":{"line":30,"column":4},"end":{"line":30,"column":20}},"18":{"start":{"line":32,"column":4},"end":{"line":32,"column":51}},"19":{"start":{"line":37,"column":0},"end":{"line":45,"column":3}},"20":{"start":{"line":38,"column":2},"end":{"line":44,"column":3}},"21":{"start":{"line":39,"column":25},"end":{"line":39,"column":33}},"22":{"start":{"line":40,"column":21},"end":{"line":40,"column":82}},"23":{"start":{"line":41,"column":4},"end":{"line":41,"column":23}},"24":{"start":{"line":43,"column":4},"end":{"line":43,"column":51}},"25":{"start":{"line":48,"column":0},"end":{"line":55,"column":3}},"26":{"start":{"line":49,"column":2},"end":{"line":54,"column":3}},"27":{"start":{"line":50,"column":4},"end":{"line":50,"column":56}},"28":{"start":{"line":51,"column":4},"end":{"line":51,"column":27}},"29":{"start":{"line":53,"column":4},"end":{"line":53,"column":51}},"30":{"start":{"line":57,"column":0},"end":{"line":57,"column":24}}},"fnMap":{"0":{"name":"(anonymous_0)","decl":{"start":{"line":6,"column":24},"end":{"line":6,"column":25}},"loc":{"start":{"line":6,"column":44},"end":{"line":13,"column":1}},"line":6},"1":{"name":"(anonymous_1)","decl":{"start":{"line":16,"column":30},"end":{"line":16,"column":31}},"loc":{"start":{"line":16,"column":50},"end":{"line":24,"column":1}},"line":16},"2":{"name":"(anonymous_2)","decl":{"start":{"line":27,"column":29},"end":{"line":27,"column":30}},"loc":{"start":{"line":27,"column":49},"end":{"line":34,"column":1}},"line":27},"3":{"name":"(anonymous_3)","decl":{"start":{"line":37,"column":37},"end":{"line":37,"column":38}},"loc":{"start":{"line":37,"column":57},"end":{"line":45,"column":1}},"line":37},"4":{"name":"(anonymous_4)","decl":{"start":{"line":48,"column":40},"end":{"line":48,"column":41}},"loc":{"start":{"line":48,"column":60},"end":{"line":55,"column":1}},"line":48}},"branchMap":{},"s":{"0":1,"1":1,"2":1,"3":1,"4":0,"5":0,"6":0,"7":0,"8":1,"9":0,"10":0,"11":0,"12":0,"13":0,"14":1,"15":0,"16":0,"17":0,"18":0,"19":1,"20":0,"21":0,"22":0,"23":0,"24":0,"25":1,"26":0,"27":0,"28":0,"29":0,"30":1},"f":{"0":0,"1":0,"2":0,"3":0,"4":0},"b":{},"_coverageSchema":"1a1c01bbd47fc00a2c39e90264f33305004495a9","hash":"0ca2d44fa915e646eb9f87147c0a7aed36fc9a6e"}
,"/Users/kendallguerra/Documents/UTP/Maestria_INGSFOT/Calidad de Software/ProyectoFinal/ecommerce-api/routes/categories.js": {"path":"/Users/kendallguerra/Documents/UTP/Maestria_INGSFOT/Calidad de Software/ProyectoFinal/ecommerce-api/routes/categories.js","statementMap":{"0":{"start":{"line":1,"column":16},"end":{"line":1,"column":34}},"1":{"start":{"line":2,"column":17},"end":{"line":2,"column":46}},"2":{"start":{"line":3,"column":15},"end":{"line":3,"column":31}},"3":{"start":{"line":6,"column":0},"end":{"line":13,"column":3}},"4":{"start":{"line":7,"column":2},"end":{"line":12,"column":3}},"5":{"start":{"line":8,"column":21},"end":{"line":8,"column":52}},"6":{"start":{"line":9,"column":4},"end":{"line":9,"column":35}},"7":{"start":{"line":11,"column":4},"end":{"line":11,"column":51}},"8":{"start":{"line":16,"column":0},"end":{"line":19,"column":3}},"9":{"start":{"line":17,"column":21},"end":{"line":17,"column":45}},"10":{"start":{"line":18,"column":2},"end":{"line":18,"column":23}},"11":{"start":{"line":21,"column":0},"end":{"line":21,"column":24}}},"fnMap":{"0":{"name":"(anonymous_0)","decl":{"start":{"line":6,"column":17},"end":{"line":6,"column":18}},"loc":{"start":{"line":6,"column":37},"end":{"line":13,"column":1}},"line":6},"1":{"name":"(anonymous_1)","decl":{"start":{"line":16,"column":16},"end":{"line":16,"column":17}},"loc":{"start":{"line":16,"column":36},"end":{"line":19,"column":1}},"line":16}},"branchMap":{},"s":{"0":1,"1":1,"2":1,"3":1,"4":1,"5":1,"6":1,"7":0,"8":1,"9":0,"10":0,"11":1},"f":{"0":1,"1":0},"b":{},"_coverageSchema":"1a1c01bbd47fc00a2c39e90264f33305004495a9","hash":"96e9e81e77ee368bef79139f2f069d727f1e887d"}
,"/Users/kendallguerra/Documents/UTP/Maestria_INGSFOT/Calidad de Software/ProyectoFinal/ecommerce-api/routes/products.js": {"path":"/Users/kendallguerra/Documents/UTP/Maestria_INGSFOT/Calidad de Software/ProyectoFinal/ecommerce-api/routes/products.js","statementMap":{"0":{"start":{"line":1,"column":16},"end":{"line":1,"column":34}},"1":{"start":{"line":2,"column":15},"end":{"line":2,"column":31}},"2":{"start":{"line":3,"column":23},"end":{"line":3,"column":60}},"3":{"start":{"line":6,"column":0},"end":{"line":13,"column":3}},"4":{"start":{"line":7,"column":2},"end":{"line":12,"column":3}},"5":{"start":{"line":8,"column":20},"end":{"line":8,"column":64}},"6":{"start":{"line":9,"column":4},"end":{"line":9,"column":34}},"7":{"start":{"line":11,"column":4},"end":{"line":11,"column":51}},"8":{"start":{"line":16,"column":0},"end":{"line":23,"column":3}},"9":{"start":{"line":17,"column":2},"end":{"line":22,"column":3}},"10":{"start":{"line":18,"column":21},"end":{"line":18,"column":58}},"11":{"start":{"line":19,"column":4},"end":{"line":19,"column":23}},"12":{"start":{"line":21,"column":4},"end":{"line":21,"column":51}},"13":{"start":{"line":26,"column":0},"end":{"line":43,"column":3}},"14":{"start":{"line":27,"column":2},"end":{"line":42,"column":3}},"15":{"start":{"line":28,"column":20},"end":{"line":32,"column":5}},"16":{"start":{"line":34,"column":21},"end":{"line":37,"column":5}},"17":{"start":{"line":39,"column":4},"end":{"line":39,"column":23}},"18":{"start":{"line":41,"column":4},"end":{"line":41,"column":51}},"19":{"start":{"line":46,"column":0},"end":{"line":63,"column":3}},"20":{"start":{"line":47,"column":2},"end":{"line":62,"column":3}},"21":{"start":{"line":48,"column":20},"end":{"line":52,"column":5}},"22":{"start":{"line":54,"column":21},"end":{"line":57,"column":5}},"23":{"start":{"line":59,"column":4},"end":{"line":59,"column":23}},"24":{"start":{"line":61,"column":4},"end":{"line":61,"column":51}},"25":{"start":{"line":65,"column":0},"end":{"line":65,"column":24}}},"fnMap":{"0":{"name":"(anonymous_0)","decl":{"start":{"line":6,"column":17},"end":{"line":6,"column":18}},"loc":{"start":{"line":6,"column":37},"end":{"line":13,"column":1}},"line":6},"1":{"name":"(anonymous_1)","decl":{"start":{"line":16,"column":16},"end":{"line":16,"column":17}},"loc":{"start":{"line":16,"column":36},"end":{"line":23,"column":1}},"line":16},"2":{"name":"(anonymous_2)","decl":{"start":{"line":26,"column":36},"end":{"line":26,"column":37}},"loc":{"start":{"line":26,"column":56},"end":{"line":43,"column":1}},"line":26},"3":{"name":"(anonymous_3)","decl":{"start":{"line":46,"column":26},"end":{"line":46,"column":27}},"loc":{"start":{"line":46,"column":46},"end":{"line":63,"column":1}},"line":46}},"branchMap":{},"s":{"0":1,"1":1,"2":1,"3":1,"4":0,"5":0,"6":0,"7":0,"8":1,"9":0,"10":0,"11":0,"12":0,"13":1,"14":0,"15":0,"16":0,"17":0,"18":0,"19":1,"20":0,"21":0,"22":0,"23":0,"24":0,"25":1},"f":{"0":0,"1":0,"2":0,"3":0},"b":{},"_coverageSchema":"1a1c01bbd47fc00a2c39e90264f33305004495a9","hash":"a1357d2bf74e2a8b18b46fff6411ff09dedee082"}
,"/Users/kendallguerra/Documents/UTP/Maestria_INGSFOT/Calidad de Software/ProyectoFinal/ecommerce-api/services/cartService.js": {"path":"/Users/kendallguerra/Documents/UTP/Maestria_INGSFOT/Calidad de Software/ProyectoFinal/ecommerce-api/services/cartService.js","statementMap":{"0":{"start":{"line":1,"column":13},"end":{"line":1,"column":38}},"1":{"start":{"line":2,"column":17},"end":{"line":2,"column":46}},"2":{"start":{"line":3,"column":16},"end":{"line":3,"column":44}},"3":{"start":{"line":7,"column":4},"end":{"line":7,"column":41}},"4":{"start":{"line":11,"column":20},"end":{"line":11,"column":53}},"5":{"start":{"line":12,"column":4},"end":{"line":14,"column":5}},"6":{"start":{"line":13,"column":6},"end":{"line":13,"column":43}},"7":{"start":{"line":16,"column":4},"end":{"line":18,"column":5}},"8":{"start":{"line":17,"column":6},"end":{"line":17,"column":56}},"9":{"start":{"line":21,"column":25},"end":{"line":23,"column":6}},"10":{"start":{"line":25,"column":4},"end":{"line":33,"column":5}},"11":{"start":{"line":26,"column":26},"end":{"line":26,"column":58}},"12":{"start":{"line":27,"column":6},"end":{"line":29,"column":7}},"13":{"start":{"line":28,"column":8},"end":{"line":28,"column":58}},"14":{"start":{"line":30,"column":6},"end":{"line":30,"column":42}},"15":{"start":{"line":31,"column":6},"end":{"line":31,"column":32}},"16":{"start":{"line":32,"column":6},"end":{"line":32,"column":26}},"17":{"start":{"line":35,"column":4},"end":{"line":35,"column":66}},"18":{"start":{"line":39,"column":18},"end":{"line":42,"column":6}},"19":{"start":{"line":44,"column":19},"end":{"line":44,"column":20}},"20":{"start":{"line":45,"column":19},"end":{"line":45,"column":20}},"21":{"start":{"line":47,"column":28},"end":{"line":59,"column":6}},"22":{"start":{"line":48,"column":27},"end":{"line":48,"column":61}},"23":{"start":{"line":49,"column":22},"end":{"line":49,"column":57}},"24":{"start":{"line":51,"column":6},"end":{"line":51,"column":31}},"25":{"start":{"line":52,"column":6},"end":{"line":52,"column":26}},"26":{"start":{"line":54,"column":6},"end":{"line":58,"column":8}},"27":{"start":{"line":61,"column":4},"end":{"line":68,"column":6}},"28":{"start":{"line":72,"column":21},"end":{"line":74,"column":6}},"29":{"start":{"line":76,"column":4},"end":{"line":78,"column":5}},"30":{"start":{"line":77,"column":6},"end":{"line":77,"column":40}},"31":{"start":{"line":80,"column":4},"end":{"line":82,"column":5}},"32":{"start":{"line":81,"column":6},"end":{"line":81,"column":56}},"33":{"start":{"line":84,"column":4},"end":{"line":84,"column":33}},"34":{"start":{"line":85,"column":4},"end":{"line":85,"column":26}},"35":{"start":{"line":86,"column":4},"end":{"line":86,"column":20}},"36":{"start":{"line":90,"column":21},"end":{"line":90,"column":52}},"37":{"start":{"line":91,"column":4},"end":{"line":93,"column":5}},"38":{"start":{"line":92,"column":6},"end":{"line":92,"column":40}},"39":{"start":{"line":94,"column":4},"end":{"line":94,"column":29}},"40":{"start":{"line":98,"column":0},"end":{"line":98,"column":29}}},"fnMap":{"0":{"name":"(anonymous_0)","decl":{"start":{"line":6,"column":2},"end":{"line":6,"column":3}},"loc":{"start":{"line":6,"column":34},"end":{"line":8,"column":3}},"line":6},"1":{"name":"(anonymous_1)","decl":{"start":{"line":10,"column":2},"end":{"line":10,"column":3}},"loc":{"start":{"line":10,"column":58},"end":{"line":36,"column":3}},"line":10},"2":{"name":"(anonymous_2)","decl":{"start":{"line":38,"column":2},"end":{"line":38,"column":3}},"loc":{"start":{"line":38,"column":36},"end":{"line":69,"column":3}},"line":38},"3":{"name":"(anonymous_3)","decl":{"start":{"line":47,"column":38},"end":{"line":47,"column":39}},"loc":{"start":{"line":47,"column":46},"end":{"line":59,"column":5}},"line":47},"4":{"name":"(anonymous_4)","decl":{"start":{"line":71,"column":2},"end":{"line":71,"column":3}},"loc":{"start":{"line":71,"column":48},"end":{"line":87,"column":3}},"line":71},"5":{"name":"(anonymous_5)","decl":{"start":{"line":89,"column":2},"end":{"line":89,"column":3}},"loc":{"start":{"line":89,"column":38},"end":{"line":95,"column":3}},"line":89}},"branchMap":{"0":{"loc":{"start":{"line":12,"column":4},"end":{"line":14,"column":5}},"type":"if","locations":[{"start":{"line":12,"column":4},"end":{"line":14,"column":5}},{"start":{},"end":{}}],"line":12},"1":{"loc":{"start":{"line":16,"column":4},"end":{"line":18,"column":5}},"type":"if","locations":[{"start":{"line":16,"column":4},"end":{"line":18,"column":5}},{"start":{},"end":{}}],"line":16},"2":{"loc":{"start":{"line":25,"column":4},"end":{"line":33,"column":5}},"type":"if","locations":[{"start":{"line":25,"column":4},"end":{"line":33,"column":5}},{"start":{},"end":{}}],"line":25},"3":{"loc":{"start":{"line":27,"column":6},"end":{"line":29,"column":7}},"type":"if","locations":[{"start":{"line":27,"column":6},"end":{"line":29,"column":7}},{"start":{},"end":{}}],"line":27},"4":{"loc":{"start":{"line":76,"column":4},"end":{"line":78,"column":5}},"type":"if","locations":[{"start":{"line":76,"column":4},"end":{"line":78,"column":5}},{"start":{},"end":{}}],"line":76},"5":{"loc":{"start":{"line":80,"column":4},"end":{"line":82,"column":5}},"type":"if","locations":[{"start":{"line":80,"column":4},"end":{"line":82,"column":5}},{"start":{},"end":{}}],"line":80},"6":{"loc":{"start":{"line":91,"column":4},"end":{"line":93,"column":5}},"type":"if","locations":[{"start":{"line":91,"column":4},"end":{"line":93,"column":5}},{"start":{},"end":{}}],"line":91}},"s":{"0":2,"1":2,"2":2,"3":0,"4":0,"5":0,"6":0,"7":0,"8":0,"9":0,"10":0,"11":0,"12":0,"13":0,"14":0,"15":0,"16":0,"17":0,"18":0,"19":0,"20":0,"21":0,"22":0,"23":0,"24":0,"25":0,"26":0,"27":0,"28":0,"29":0,"30":0,"31":0,"32":0,"33":0,"34":0,"35":0,"36":0,"37":0,"38":0,"39":0,"40":2},"f":{"0":0,"1":0,"2":0,"3":0,"4":0,"5":0},"b":{"0":[0,0],"1":[0,0],"2":[0,0],"3":[0,0],"4":[0,0],"5":[0,0],"6":[0,0]},"_coverageSchema":"1a1c01bbd47fc00a2c39e90264f33305004495a9","hash":"a897aebe62e47ebed8d7b2b463cac1d93748bbbf"}
,"/Users/kendallguerra/Documents/UTP/Maestria_INGSFOT/Calidad de Software/ProyectoFinal/ecommerce-api/services/productService.js": {"path":"/Users/kendallguerra/Documents/UTP/Maestria_INGSFOT/Calidad de Software/ProyectoFinal/ecommerce-api/services/productService.js","statementMap":{"0":{"start":{"line":1,"column":16},"end":{"line":1,"column":44}},"1":{"start":{"line":2,"column":17},"end":{"line":2,"column":46}},"2":{"start":{"line":3,"column":15},"end":{"line":3,"column":35}},"3":{"start":{"line":7,"column":8},"end":{"line":7,"column":39}},"4":{"start":{"line":11,"column":8},"end":{"line":11,"column":42}},"5":{"start":{"line":16,"column":25},"end":{"line":16,"column":68}},"6":{"start":{"line":17,"column":8},"end":{"line":19,"column":9}},"7":{"start":{"line":18,"column":12},"end":{"line":18,"column":85}},"8":{"start":{"line":21,"column":8},"end":{"line":21,"column":45}},"9":{"start":{"line":26,"column":8},"end":{"line":31,"column":9}},"10":{"start":{"line":27,"column":29},"end":{"line":27,"column":72}},"11":{"start":{"line":28,"column":12},"end":{"line":30,"column":13}},"12":{"start":{"line":29,"column":16},"end":{"line":29,"column":89}},"13":{"start":{"line":33,"column":8},"end":{"line":33,"column":64}},"14":{"start":{"line":37,"column":8},"end":{"line":37,"column":56}},"15":{"start":{"line":41,"column":40},"end":{"line":41,"column":47}},"16":{"start":{"line":43,"column":29},"end":{"line":46,"column":9}},"17":{"start":{"line":49,"column":8},"end":{"line":51,"column":9}},"18":{"start":{"line":50,"column":12},"end":{"line":50,"column":51}},"19":{"start":{"line":54,"column":8},"end":{"line":56,"column":9}},"20":{"start":{"line":55,"column":12},"end":{"line":55,"column":49}},"21":{"start":{"line":57,"column":8},"end":{"line":59,"column":9}},"22":{"start":{"line":58,"column":12},"end":{"line":58,"column":51}},"23":{"start":{"line":61,"column":8},"end":{"line":61,"column":51}},"24":{"start":{"line":66,"column":28},"end":{"line":68,"column":12}},"25":{"start":{"line":67,"column":46},"end":{"line":67,"column":58}},"26":{"start":{"line":70,"column":8},"end":{"line":72,"column":9}},"27":{"start":{"line":71,"column":12},"end":{"line":71,"column":64}},"28":{"start":{"line":74,"column":40},"end":{"line":74,"column":47}},"29":{"start":{"line":76,"column":29},"end":{"line":83,"column":9}},"30":{"start":{"line":86,"column":8},"end":{"line":88,"column":9}},"31":{"start":{"line":87,"column":12},"end":{"line":87,"column":51}},"32":{"start":{"line":91,"column":8},"end":{"line":93,"column":9}},"33":{"start":{"line":92,"column":12},"end":{"line":92,"column":49}},"34":{"start":{"line":94,"column":8},"end":{"line":96,"column":9}},"35":{"start":{"line":95,"column":12},"end":{"line":95,"column":51}},"36":{"start":{"line":98,"column":8},"end":{"line":98,"column":51}},"37":{"start":{"line":102,"column":0},"end":{"line":102,"column":32}}},"fnMap":{"0":{"name":"(anonymous_0)","decl":{"start":{"line":6,"column":4},"end":{"line":6,"column":5}},"loc":{"start":{"line":6,"column":34},"end":{"line":8,"column":5}},"line":6},"1":{"name":"(anonymous_1)","decl":{"start":{"line":10,"column":4},"end":{"line":10,"column":5}},"loc":{"start":{"line":10,"column":36},"end":{"line":12,"column":5}},"line":10},"2":{"name":"(anonymous_2)","decl":{"start":{"line":14,"column":4},"end":{"line":14,"column":5}},"loc":{"start":{"line":14,"column":40},"end":{"line":22,"column":5}},"line":14},"3":{"name":"(anonymous_3)","decl":{"start":{"line":24,"column":4},"end":{"line":24,"column":5}},"loc":{"start":{"line":24,"column":44},"end":{"line":34,"column":5}},"line":24},"4":{"name":"(anonymous_4)","decl":{"start":{"line":36,"column":4},"end":{"line":36,"column":5}},"loc":{"start":{"line":36,"column":35},"end":{"line":38,"column":5}},"line":36},"5":{"name":"(anonymous_5)","decl":{"start":{"line":40,"column":4},"end":{"line":40,"column":5}},"loc":{"start":{"line":40,"column":65},"end":{"line":62,"column":5}},"line":40},"6":{"name":"(anonymous_6)","decl":{"start":{"line":64,"column":4},"end":{"line":64,"column":5}},"loc":{"start":{"line":64,"column":71},"end":{"line":99,"column":5}},"line":64},"7":{"name":"(anonymous_7)","decl":{"start":{"line":67,"column":40},"end":{"line":67,"column":41}},"loc":{"start":{"line":67,"column":46},"end":{"line":67,"column":58}},"line":67}},"branchMap":{"0":{"loc":{"start":{"line":17,"column":8},"end":{"line":19,"column":9}},"type":"if","locations":[{"start":{"line":17,"column":8},"end":{"line":19,"column":9}},{"start":{},"end":{}}],"line":17},"1":{"loc":{"start":{"line":26,"column":8},"end":{"line":31,"column":9}},"type":"if","locations":[{"start":{"line":26,"column":8},"end":{"line":31,"column":9}},{"start":{},"end":{}}],"line":26},"2":{"loc":{"start":{"line":28,"column":12},"end":{"line":30,"column":13}},"type":"if","locations":[{"start":{"line":28,"column":12},"end":{"line":30,"column":13}},{"start":{},"end":{}}],"line":28},"3":{"loc":{"start":{"line":40,"column":51},"end":{"line":40,"column":63}},"type":"default-arg","locations":[{"start":{"line":40,"column":61},"end":{"line":40,"column":63}}],"line":40},"4":{"loc":{"start":{"line":49,"column":8},"end":{"line":51,"column":9}},"type":"if","locations":[{"start":{"line":49,"column":8},"end":{"line":51,"column":9}},{"start":{},"end":{}}],"line":49},"5":{"loc":{"start":{"line":54,"column":8},"end":{"line":56,"column":9}},"type":"if","locations":[{"start":{"line":54,"column":8},"end":{"line":56,"column":9}},{"start":{},"end":{}}],"line":54},"6":{"loc":{"start":{"line":57,"column":8},"end":{"line":59,"column":9}},"type":"if","locations":[{"start":{"line":57,"column":8},"end":{"line":59,"column":9}},{"start":{},"end":{}}],"line":57},"7":{"loc":{"start":{"line":64,"column":57},"end":{"line":64,"column":69}},"type":"default-arg","locations":[{"start":{"line":64,"column":67},"end":{"line":64,"column":69}}],"line":64},"8":{"loc":{"start":{"line":66,"column":28},"end":{"line":68,"column":12}},"type":"cond-expr","locations":[{"start":{"line":67,"column":10},"end":{"line":67,"column":59}},{"start":{"line":68,"column":10},"end":{"line":68,"column":12}}],"line":66},"9":{"loc":{"start":{"line":70,"column":8},"end":{"line":72,"column":9}},"type":"if","locations":[{"start":{"line":70,"column":8},"end":{"line":72,"column":9}},{"start":{},"end":{}}],"line":70},"10":{"loc":{"start":{"line":79,"column":29},"end":{"line":79,"column":85}},"type":"cond-expr","locations":[{"start":{"line":79,"column":58},"end":{"line":79,"column":69}},{"start":{"line":79,"column":72},"end":{"line":79,"column":85}}],"line":79},"11":{"loc":{"start":{"line":86,"column":8},"end":{"line":88,"column":9}},"type":"if","locations":[{"start":{"line":86,"column":8},"end":{"line":88,"column":9}},{"start":{},"end":{}}],"line":86},"12":{"loc":{"start":{"line":91,"column":8},"end":{"line":93,"column":9}},"type":"if","locations":[{"start":{"line":91,"column":8},"end":{"line":93,"column":9}},{"start":{},"end":{}}],"line":91},"13":{"loc":{"start":{"line":94,"column":8},"end":{"line":96,"column":9}},"type":"if","locations":[{"start":{"line":94,"column":8},"end":{"line":96,"column":9}},{"start":{},"end":{}}],"line":94}},"s":{"0":2,"1":2,"2":2,"3":0,"4":0,"5":0,"6":0,"7":0,"8":0,"9":0,"10":0,"11":0,"12":0,"13":0,"14":0,"15":0,"16":0,"17":0,"18":0,"19":0,"20":0,"21":0,"22":0,"23":0,"24":0,"25":0,"26":0,"27":0,"28":0,"29":0,"30":0,"31":0,"32":0,"33":0,"34":0,"35":0,"36":0,"37":2},"f":{"0":0,"1":0,"2":0,"3":0,"4":0,"5":0,"6":0,"7":0},"b":{"0":[0,0],"1":[0,0],"2":[0,0],"3":[0],"4":[0,0],"5":[0,0],"6":[0,0],"7":[0],"8":[0,0],"9":[0,0],"10":[0,0],"11":[0,0],"12":[0,0],"13":[0,0]},"_coverageSchema":"1a1c01bbd47fc00a2c39e90264f33305004495a9","hash":"eb20a3a3d00b059b33fc9ab8bc70d2d3ab59a101"}
,"/Users/kendallguerra/Documents/UTP/Maestria_INGSFOT/Calidad de Software/ProyectoFinal/ecommerce-api/tests/setup/testDb.js": {"path":"/Users/kendallguerra/Documents/UTP/Maestria_INGSFOT/Calidad de Software/ProyectoFinal/ecommerce-api/tests/setup/testDb.js","statementMap":{"0":{"start":{"line":1,"column":22},"end":{"line":1,"column":46}},"1":{"start":{"line":2,"column":17},"end":{"line":2,"column":49}},"2":{"start":{"line":3,"column":16},"end":{"line":3,"column":47}},"3":{"start":{"line":4,"column":17},"end":{"line":4,"column":49}},"4":{"start":{"line":9,"column":19},"end":{"line":12,"column":1}},"5":{"start":{"line":11,"column":2},"end":{"line":11,"column":40}},"6":{"start":{"line":15,"column":20},"end":{"line":17,"column":1}},"7":{"start":{"line":16,"column":2},"end":{"line":16,"column":26}},"8":{"start":{"line":19,"column":0},"end":{"line":23,"column":2}}},"fnMap":{"0":{"name":"(anonymous_0)","decl":{"start":{"line":9,"column":19},"end":{"line":9,"column":20}},"loc":{"start":{"line":9,"column":31},"end":{"line":12,"column":1}},"line":9},"1":{"name":"(anonymous_1)","decl":{"start":{"line":15,"column":20},"end":{"line":15,"column":21}},"loc":{"start":{"line":15,"column":32},"end":{"line":17,"column":1}},"line":15}},"branchMap":{},"s":{"0":3,"1":3,"2":3,"3":3,"4":3,"5":3,"6":3,"7":3,"8":3},"f":{"0":3,"1":3},"b":{},"_coverageSchema":"1a1c01bbd47fc00a2c39e90264f33305004495a9","hash":"20a2a9f14821546a4ae157e9863c1f8eb00095d2"}
}
