TN:
SF:models\cart.js
FNF:0
FNH:0
DA:1,3
DA:2,3
DA:4,3
DA:11,3
LF:4
LH:4
BRF:0
BRH:0
end_of_record
TN:
SF:models\cartItem.js
FNF:0
FNH:0
DA:1,3
DA:2,3
DA:3,3
DA:4,3
DA:6,3
DA:14,3
DA:15,3
DA:17,3
LF:8
LH:8
BRF:0
BRH:0
end_of_record
TN:
SF:models\category.js
FNF:0
FNH:0
DA:1,3
DA:2,3
DA:4,3
DA:12,3
LF:4
LH:4
BRF:0
BRH:0
end_of_record
TN:
SF:models\index.js
FNF:0
FNH:0
DA:1,3
DA:3,3
DA:4,3
DA:10,3
DA:12,0
DA:17,0
LF:6
LH:4
BRDA:3,0,0,3
BRDA:3,0,1,0
BRF:2
BRH:1
end_of_record
TN:
SF:models\product.js
FNF:0
FNH:0
DA:1,3
DA:2,3
DA:3,3
DA:5,3
DA:36,3
DA:38,3
LF:6
LH:6
BRF:0
BRH:0
end_of_record
TN:
SF:routes\cart.js
FN:6,(anonymous_0)
FN:17,(anonymous_1)
FN:28,(anonymous_2)
FN:38,(anonymous_3)
FN:49,(anonymous_4)
FNF:5
FNH:5
FNDA:2,(anonymous_0)
FNDA:2,(anonymous_1)
FNDA:2,(anonymous_2)
FNDA:2,(anonymous_3)
FNDA:2,(anonymous_4)
DA:1,1
DA:2,1
DA:3,1
DA:6,1
DA:7,2
DA:8,2
DA:9,2
DA:10,1
DA:12,1
DA:17,1
DA:18,2
DA:19,2
DA:20,2
DA:21,1
DA:23,1
DA:28,1
DA:29,2
DA:30,2
DA:31,1
DA:33,1
DA:38,1
DA:39,2
DA:40,2
DA:41,2
DA:42,1
DA:44,1
DA:49,1
DA:50,2
DA:51,2
DA:52,1
DA:54,1
DA:58,1
LF:32
LH:32
BRF:0
BRH:0
end_of_record
TN:
SF:routes\categories.js
FN:6,(anonymous_0)
FN:16,(anonymous_1)
FNF:2
FNH:2
FNDA:2,(anonymous_0)
FNDA:2,(anonymous_1)
DA:1,1
DA:2,1
DA:3,1
DA:6,1
DA:7,2
DA:8,2
DA:9,1
DA:11,1
DA:16,1
DA:17,2
DA:18,2
DA:21,1
LF:12
LH:12
BRF:0
BRH:0
end_of_record
TN:
SF:routes\products.js
FN:6,(anonymous_0)
FN:16,(anonymous_1)
FN:26,(anonymous_2)
FN:46,(anonymous_3)
FNF:4
FNH:4
FNDA:4,(anonymous_0)
FNDA:3,(anonymous_1)
FNDA:4,(anonymous_2)
FNDA:3,(anonymous_3)
DA:1,1
DA:2,1
DA:3,1
DA:6,1
DA:7,4
DA:8,4
DA:9,1
DA:11,3
DA:16,1
DA:17,3
DA:18,3
DA:19,2
DA:21,1
DA:26,1
DA:27,4
DA:28,4
DA:34,4
DA:39,3
DA:41,1
DA:46,1
DA:47,3
DA:48,3
DA:54,3
DA:59,2
DA:61,1
DA:65,1
LF:26
LH:26
BRF:0
BRH:0
end_of_record
TN:
SF:services\cartService.js
FN:6,(anonymous_0)
FN:13,(anonymous_1)
FN:41,(anonymous_2)
FN:56,(anonymous_3)
FN:80,(anonymous_4)
FN:98,(anonymous_5)
FNF:6
FNH:5
FNDA:8,(anonymous_0)
FNDA:10,(anonymous_1)
FNDA:3,(anonymous_2)
FNDA:0,(anonymous_3)
FNDA:6,(anonymous_4)
FNDA:5,(anonymous_5)
DA:1,2
DA:2,2
DA:3,2
DA:7,8
DA:8,1
DA:10,7
DA:14,10
DA:15,10
DA:16,2
DA:19,8
DA:20,1
DA:24,7
DA:28,7
DA:29,3
DA:30,3
DA:31,1
DA:33,2
DA:34,2
DA:35,1
DA:38,4
DA:43,3
DA:44,3
DA:45,2
DA:48,1
DA:53,1
DA:54,1
DA:56,1
DA:57,0
DA:58,0
DA:60,0
DA:61,0
DA:63,0
DA:70,1
DA:81,6
DA:85,6
DA:86,2
DA:89,4
DA:90,1
DA:93,3
DA:94,3
DA:95,2
DA:99,5
DA:100,4
DA:101,2
DA:103,2
DA:107,2
LF:46
LH:41
BRDA:7,0,0,1
BRDA:7,0,1,7
BRDA:15,1,0,2
BRDA:15,1,1,8
BRDA:19,2,0,1
BRDA:19,2,1,7
BRDA:28,3,0,3
BRDA:28,3,1,4
BRDA:30,4,0,1
BRDA:30,4,1,2
BRDA:44,5,0,2
BRDA:44,5,1,1
BRDA:85,6,0,2
BRDA:85,6,1,4
BRDA:89,7,0,1
BRDA:89,7,1,3
BRDA:100,8,0,2
BRDA:100,8,1,2
BRF:18
BRH:18
end_of_record
TN:
SF:services\productService.js
FN:6,(anonymous_0)
FN:10,(anonymous_1)
FN:14,(anonymous_2)
FN:24,(anonymous_3)
FN:36,(anonymous_4)
FN:40,(anonymous_5)
FN:42,(anonymous_6)
FN:45,(anonymous_7)
FN:76,(anonymous_8)
FNF:9
FNH:9
FNDA:3,(anonymous_0)
FNDA:2,(anonymous_1)
FNDA:9,(anonymous_2)
FNDA:4,(anonymous_3)
FNDA:1,(anonymous_4)
FNDA:8,(anonymous_5)
FNDA:16,(anonymous_6)
FNDA:15,(anonymous_7)
FNDA:7,(anonymous_8)
DA:1,3
DA:2,3
DA:3,3
DA:7,3
DA:11,2
DA:16,9
DA:17,9
DA:18,2
DA:21,7
DA:26,4
DA:27,3
DA:28,3
DA:29,1
DA:33,3
DA:37,1
DA:41,8
DA:42,16
DA:45,15
DA:46,2
DA:49,6
DA:51,6
DA:61,6
DA:62,2
DA:66,6
DA:67,1
DA:69,6
DA:70,1
DA:73,6
DA:77,7
DA:79,7
DA:85,7
DA:86,1
DA:90,7
DA:91,2
DA:93,7
DA:94,2
DA:97,7
DA:101,3
LF:38
LH:38
BRDA:17,0,0,2
BRDA:17,0,1,7
BRDA:26,1,0,3
BRDA:26,1,1,1
BRDA:28,2,0,1
BRDA:28,2,1,2
BRDA:40,3,0,1
BRDA:41,4,0,7
BRDA:41,4,1,1
BRDA:45,5,0,2
BRDA:45,5,1,6
BRDA:45,6,0,8
BRDA:45,6,1,7
BRDA:54,7,0,6
BRDA:54,7,1,0
BRDA:61,8,0,2
BRDA:61,8,1,4
BRDA:66,9,0,1
BRDA:66,9,1,5
BRDA:69,10,0,1
BRDA:69,10,1,5
BRDA:76,11,0,1
BRDA:85,12,0,1
BRDA:85,12,1,6
BRDA:90,13,0,2
BRDA:90,13,1,5
BRDA:93,14,0,2
BRDA:93,14,1,5
BRF:28
BRH:27
end_of_record
TN:
SF:tests\setup\testDb.js
FN:9,(anonymous_0)
FN:15,(anonymous_1)
FNF:2
FNH:2
FNDA:3,(anonymous_0)
FNDA:3,(anonymous_1)
DA:1,3
DA:2,3
DA:3,3
DA:4,3
DA:9,3
DA:11,3
DA:15,3
DA:16,3
DA:19,3
LF:9
LH:9
BRF:0
BRH:0
end_of_record
