TN:
SF:.stryker-tmp\sandbox-KZebeO\models\cart.js
FN:2,stryNS_9fa48
FN:8,retrieveNS
FN:15,stryCov_9fa48
FN:21,cover
FN:34,stryMutAct_9fa48
FN:36,isActive
FNF:6
FNH:6
FNDA:3,stryNS_9fa48
FNDA:9,retrieveNS
FNDA:3,stryCov_9fa48
FNDA:12,cover
FNDA:3,stryMutAct_9fa48
FNDA:12,isActive
DA:3,3
DA:4,3
DA:5,3
DA:6,0
DA:9,9
DA:11,3
DA:12,3
DA:14,3
DA:16,3
DA:17,3
DA:22,12
DA:23,12
DA:24,0
DA:26,12
DA:27,12
DA:28,12
DA:31,3
DA:32,3
DA:35,3
DA:37,12
DA:38,0
DA:39,0
DA:41,0
DA:43,12
DA:45,3
DA:46,3
DA:50,3
DA:53,3
DA:54,3
DA:60,3
LF:30
LH:25
BRDA:3,0,0,3
BRDA:3,0,1,3
BRDA:3,0,2,3
BRDA:3,0,3,3
BRDA:3,0,4,0
BRDA:4,1,0,3
BRDA:4,1,1,0
BRDA:5,2,0,0
BRDA:5,2,1,3
BRDA:5,3,0,3
BRDA:5,3,1,3
BRDA:5,3,2,3
BRDA:5,3,3,3
BRDA:17,4,0,3
BRDA:17,4,1,0
BRDA:23,5,0,0
BRDA:23,5,1,12
BRDA:24,6,0,0
BRDA:24,6,1,0
BRDA:28,7,0,12
BRDA:28,7,1,12
BRDA:37,8,0,0
BRDA:37,8,1,12
BRDA:38,9,0,0
BRDA:38,9,1,0
BRDA:38,10,0,0
BRDA:38,10,1,0
BRDA:54,11,0,0
BRDA:54,11,1,3
BRDA:54,12,0,0
BRDA:54,12,1,3
BRDA:55,13,0,0
BRDA:55,13,1,3
BRDA:57,14,0,0
BRDA:57,14,1,3
BRF:35
BRH:19
end_of_record
TN:
SF:.stryker-tmp\sandbox-KZebeO\models\cartItem.js
FN:2,stryNS_9fa48
FN:8,retrieveNS
FN:15,stryCov_9fa48
FN:21,cover
FN:34,stryMutAct_9fa48
FN:36,isActive
FNF:6
FNH:6
FNDA:3,stryNS_9fa48
FNDA:9,retrieveNS
FNDA:3,stryCov_9fa48
FNDA:24,cover
FNDA:3,stryMutAct_9fa48
FNDA:24,isActive
DA:3,3
DA:4,3
DA:5,3
DA:6,0
DA:9,9
DA:11,3
DA:12,3
DA:14,3
DA:16,3
DA:17,3
DA:22,24
DA:23,24
DA:24,0
DA:26,24
DA:27,24
DA:28,24
DA:31,3
DA:32,3
DA:35,3
DA:37,24
DA:38,0
DA:39,0
DA:41,0
DA:43,24
DA:45,3
DA:46,3
DA:50,3
DA:53,3
DA:54,3
DA:55,3
DA:56,3
DA:63,3
DA:66,3
DA:69,3
LF:34
LH:29
BRDA:3,0,0,3
BRDA:3,0,1,3
BRDA:3,0,2,3
BRDA:3,0,3,3
BRDA:3,0,4,0
BRDA:4,1,0,3
BRDA:4,1,1,0
BRDA:5,2,0,0
BRDA:5,2,1,3
BRDA:5,3,0,3
BRDA:5,3,1,3
BRDA:5,3,2,3
BRDA:5,3,3,3
BRDA:17,4,0,3
BRDA:17,4,1,0
BRDA:23,5,0,0
BRDA:23,5,1,24
BRDA:24,6,0,0
BRDA:24,6,1,0
BRDA:28,7,0,24
BRDA:28,7,1,24
BRDA:37,8,0,0
BRDA:37,8,1,24
BRDA:38,9,0,0
BRDA:38,9,1,0
BRDA:38,10,0,0
BRDA:38,10,1,0
BRDA:56,11,0,0
BRDA:56,11,1,3
BRDA:56,12,0,0
BRDA:56,12,1,3
BRDA:57,13,0,0
BRDA:57,13,1,3
BRDA:59,14,0,0
BRDA:59,14,1,3
BRDA:63,15,0,0
BRDA:63,15,1,3
BRDA:64,16,0,0
BRDA:64,16,1,3
BRDA:66,17,0,0
BRDA:66,17,1,3
BRDA:67,18,0,0
BRDA:67,18,1,3
BRF:43
BRH:23
end_of_record
TN:
SF:.stryker-tmp\sandbox-KZebeO\models\category.js
FN:2,stryNS_9fa48
FN:8,retrieveNS
FN:15,stryCov_9fa48
FN:21,cover
FN:34,stryMutAct_9fa48
FN:36,isActive
FNF:6
FNH:6
FNDA:3,stryNS_9fa48
FNDA:9,retrieveNS
FNDA:3,stryCov_9fa48
FNDA:15,cover
FNDA:3,stryMutAct_9fa48
FNDA:15,isActive
DA:3,3
DA:4,3
DA:5,3
DA:6,0
DA:9,9
DA:11,3
DA:12,3
DA:14,3
DA:16,3
DA:17,3
DA:22,15
DA:23,15
DA:24,0
DA:26,15
DA:27,15
DA:28,15
DA:31,3
DA:32,3
DA:35,3
DA:37,15
DA:38,0
DA:39,0
DA:41,0
DA:43,15
DA:45,3
DA:46,3
DA:50,3
DA:53,3
DA:54,3
DA:61,3
LF:30
LH:25
BRDA:3,0,0,3
BRDA:3,0,1,3
BRDA:3,0,2,3
BRDA:3,0,3,3
BRDA:3,0,4,0
BRDA:4,1,0,3
BRDA:4,1,1,0
BRDA:5,2,0,0
BRDA:5,2,1,3
BRDA:5,3,0,3
BRDA:5,3,1,3
BRDA:5,3,2,3
BRDA:5,3,3,3
BRDA:17,4,0,3
BRDA:17,4,1,0
BRDA:23,5,0,0
BRDA:23,5,1,15
BRDA:24,6,0,0
BRDA:24,6,1,0
BRDA:28,7,0,15
BRDA:28,7,1,15
BRDA:37,8,0,0
BRDA:37,8,1,15
BRDA:38,9,0,0
BRDA:38,9,1,0
BRDA:38,10,0,0
BRDA:38,10,1,0
BRDA:54,11,0,0
BRDA:54,11,1,3
BRDA:54,12,0,0
BRDA:54,12,1,3
BRDA:55,13,0,0
BRDA:55,13,1,3
BRDA:57,14,0,0
BRDA:57,14,1,3
BRDA:58,15,0,0
BRDA:58,15,1,3
BRF:37
BRH:20
end_of_record
TN:
SF:.stryker-tmp\sandbox-KZebeO\models\index.js
FN:2,stryNS_9fa48
FN:8,retrieveNS
FN:15,stryCov_9fa48
FN:21,cover
FN:34,stryMutAct_9fa48
FN:36,isActive
FNF:6
FNH:6
FNDA:3,stryNS_9fa48
FNDA:9,retrieveNS
FNDA:3,stryCov_9fa48
FNDA:24,cover
FNDA:3,stryMutAct_9fa48
FNDA:30,isActive
DA:3,3
DA:4,3
DA:5,3
DA:6,0
DA:9,9
DA:11,3
DA:12,3
DA:14,3
DA:16,3
DA:17,3
DA:22,24
DA:23,24
DA:24,0
DA:26,24
DA:27,24
DA:28,30
DA:31,3
DA:32,3
DA:35,3
DA:37,30
DA:38,0
DA:39,0
DA:41,0
DA:43,30
DA:45,3
DA:46,3
DA:50,3
DA:51,3
DA:52,3
DA:55,3
DA:56,3
DA:61,3
DA:66,0
DA:69,0
DA:70,0
DA:74,0
LF:36
LH:27
BRDA:3,0,0,3
BRDA:3,0,1,3
BRDA:3,0,2,3
BRDA:3,0,3,3
BRDA:3,0,4,0
BRDA:4,1,0,3
BRDA:4,1,1,3
BRDA:5,2,0,0
BRDA:5,2,1,3
BRDA:5,3,0,3
BRDA:5,3,1,3
BRDA:5,3,2,3
BRDA:5,3,3,3
BRDA:17,4,0,3
BRDA:17,4,1,3
BRDA:23,5,0,0
BRDA:23,5,1,24
BRDA:24,6,0,0
BRDA:24,6,1,0
BRDA:28,7,0,30
BRDA:28,7,1,30
BRDA:37,8,0,0
BRDA:37,8,1,30
BRDA:38,9,0,0
BRDA:38,9,1,0
BRDA:38,10,0,0
BRDA:38,10,1,0
BRDA:51,11,0,3
BRDA:51,11,1,0
BRDA:51,12,0,0
BRDA:51,12,1,3
BRDA:51,13,0,0
BRDA:51,13,1,3
BRDA:51,14,0,0
BRDA:51,14,1,3
BRDA:51,15,0,0
BRDA:51,15,1,3
BRDA:52,16,0,0
BRDA:52,16,1,3
BRDA:56,17,0,0
BRDA:56,17,1,3
BRDA:57,18,0,0
BRDA:57,18,1,3
BRDA:58,19,0,0
BRDA:58,19,1,3
BRDA:59,20,0,0
BRDA:59,20,1,3
BRDA:61,21,0,0
BRDA:61,21,1,3
BRDA:66,22,0,0
BRDA:66,22,1,0
BRDA:70,23,0,0
BRDA:70,23,1,0
BRDA:71,24,0,0
BRDA:71,24,1,0
BRDA:72,25,0,0
BRDA:72,25,1,0
BRDA:74,26,0,0
BRDA:74,26,1,0
BRF:59
BRH:28
end_of_record
TN:
SF:.stryker-tmp\sandbox-KZebeO\models\product.js
FN:2,stryNS_9fa48
FN:8,retrieveNS
FN:15,stryCov_9fa48
FN:21,cover
FN:34,stryMutAct_9fa48
FN:36,isActive
FNF:6
FNH:6
FNDA:3,stryNS_9fa48
FNDA:9,retrieveNS
FNDA:3,stryCov_9fa48
FNDA:45,cover
FNDA:3,stryMutAct_9fa48
FNDA:45,isActive
DA:3,3
DA:4,3
DA:5,3
DA:6,0
DA:9,9
DA:11,3
DA:12,3
DA:14,3
DA:16,3
DA:17,3
DA:22,45
DA:23,45
DA:24,0
DA:26,45
DA:27,45
DA:28,45
DA:31,3
DA:32,3
DA:35,3
DA:37,45
DA:38,0
DA:39,0
DA:41,0
DA:43,45
DA:45,3
DA:46,3
DA:50,3
DA:53,3
DA:54,3
DA:55,3
DA:85,3
DA:88,3
LF:32
LH:27
BRDA:3,0,0,3
BRDA:3,0,1,3
BRDA:3,0,2,3
BRDA:3,0,3,3
BRDA:3,0,4,0
BRDA:4,1,0,3
BRDA:4,1,1,0
BRDA:5,2,0,0
BRDA:5,2,1,3
BRDA:5,3,0,3
BRDA:5,3,1,3
BRDA:5,3,2,3
BRDA:5,3,3,3
BRDA:17,4,0,3
BRDA:17,4,1,0
BRDA:23,5,0,0
BRDA:23,5,1,45
BRDA:24,6,0,0
BRDA:24,6,1,0
BRDA:28,7,0,45
BRDA:28,7,1,45
BRDA:37,8,0,0
BRDA:37,8,1,45
BRDA:38,9,0,0
BRDA:38,9,1,0
BRDA:38,10,0,0
BRDA:38,10,1,0
BRDA:55,11,0,0
BRDA:55,11,1,3
BRDA:55,12,0,0
BRDA:55,12,1,3
BRDA:56,13,0,0
BRDA:56,13,1,3
BRDA:58,14,0,0
BRDA:58,14,1,3
BRDA:60,15,0,0
BRDA:60,15,1,3
BRDA:62,16,0,0
BRDA:62,16,1,3
BRDA:64,17,0,0
BRDA:64,17,1,3
BRDA:67,18,0,0
BRDA:67,18,1,3
BRDA:69,19,0,0
BRDA:69,19,1,3
BRDA:71,20,0,0
BRDA:71,20,1,3
BRDA:75,21,0,0
BRDA:75,21,1,3
BRDA:77,22,0,0
BRDA:77,22,1,3
BRDA:79,23,0,0
BRDA:79,23,1,3
BRDA:85,24,0,0
BRDA:85,24,1,3
BRDA:86,25,0,0
BRDA:86,25,1,3
BRF:57
BRH:30
end_of_record
TN:
SF:.stryker-tmp\sandbox-KZebeO\routes\cart.js
FN:2,stryNS_9fa48
FN:8,retrieveNS
FN:15,stryCov_9fa48
FN:21,cover
FN:34,stryMutAct_9fa48
FN:36,isActive
FN:53,(anonymous_6)
FN:81,(anonymous_7)
FN:112,(anonymous_8)
FN:139,(anonymous_9)
FN:169,(anonymous_10)
FNF:11
FNH:11
FNDA:1,stryNS_9fa48
FNDA:3,retrieveNS
FNDA:1,stryCov_9fa48
FNDA:35,cover
FNDA:1,stryMutAct_9fa48
FNDA:35,isActive
FNDA:2,(anonymous_6)
FNDA:2,(anonymous_7)
FNDA:2,(anonymous_8)
FNDA:2,(anonymous_9)
FNDA:2,(anonymous_10)
DA:3,1
DA:4,1
DA:5,1
DA:6,0
DA:9,3
DA:11,1
DA:12,1
DA:14,1
DA:16,1
DA:17,1
DA:22,35
DA:23,35
DA:24,0
DA:26,35
DA:27,35
DA:28,35
DA:31,1
DA:32,1
DA:35,1
DA:37,35
DA:38,0
DA:39,0
DA:41,0
DA:43,35
DA:45,1
DA:46,1
DA:48,1
DA:49,1
DA:50,1
DA:53,1
DA:54,2
DA:57,2
DA:58,2
DA:59,2
DA:62,2
DA:63,2
DA:64,2
DA:65,1
DA:68,1
DA:71,1
DA:72,1
DA:81,1
DA:82,2
DA:85,2
DA:86,2
DA:87,2
DA:90,2
DA:94,2
DA:95,2
DA:96,1
DA:99,1
DA:102,1
DA:103,1
DA:112,1
DA:113,2
DA:116,2
DA:117,2
DA:118,2
DA:121,2
DA:122,2
DA:123,1
DA:126,1
DA:129,1
DA:130,1
DA:139,1
DA:140,2
DA:143,2
DA:144,2
DA:145,2
DA:148,2
DA:151,2
DA:152,2
DA:153,1
DA:156,1
DA:159,1
DA:160,1
DA:169,1
DA:170,2
DA:173,2
DA:174,2
DA:175,2
DA:178,2
DA:179,2
DA:180,1
DA:183,1
DA:186,1
DA:187,1
DA:194,1
LF:88
LH:83
BRDA:3,0,0,1
BRDA:3,0,1,1
BRDA:3,0,2,1
BRDA:3,0,3,1
BRDA:3,0,4,0
BRDA:4,1,0,1
BRDA:4,1,1,0
BRDA:5,2,0,0
BRDA:5,2,1,1
BRDA:5,3,0,1
BRDA:5,3,1,1
BRDA:5,3,2,1
BRDA:5,3,3,1
BRDA:17,4,0,1
BRDA:17,4,1,0
BRDA:23,5,0,0
BRDA:23,5,1,35
BRDA:24,6,0,0
BRDA:24,6,1,0
BRDA:28,7,0,35
BRDA:28,7,1,25
BRDA:37,8,0,0
BRDA:37,8,1,35
BRDA:38,9,0,0
BRDA:38,9,1,0
BRDA:38,10,0,0
BRDA:38,10,1,0
BRDA:53,11,0,0
BRDA:53,11,1,1
BRDA:54,12,0,0
BRDA:54,12,1,2
BRDA:59,13,0,0
BRDA:59,13,1,2
BRDA:68,14,0,0
BRDA:68,14,1,1
BRDA:72,15,0,0
BRDA:72,15,1,1
BRDA:81,16,0,0
BRDA:81,16,1,1
BRDA:82,17,0,0
BRDA:82,17,1,2
BRDA:87,18,0,0
BRDA:87,18,1,2
BRDA:99,19,0,0
BRDA:99,19,1,1
BRDA:103,20,0,0
BRDA:103,20,1,1
BRDA:112,21,0,0
BRDA:112,21,1,1
BRDA:113,22,0,0
BRDA:113,22,1,2
BRDA:118,23,0,0
BRDA:118,23,1,2
BRDA:126,24,0,0
BRDA:126,24,1,1
BRDA:130,25,0,0
BRDA:130,25,1,1
BRDA:139,26,0,0
BRDA:139,26,1,1
BRDA:140,27,0,0
BRDA:140,27,1,2
BRDA:145,28,0,0
BRDA:145,28,1,2
BRDA:156,29,0,0
BRDA:156,29,1,1
BRDA:160,30,0,0
BRDA:160,30,1,1
BRDA:169,31,0,0
BRDA:169,31,1,1
BRDA:170,32,0,0
BRDA:170,32,1,2
BRDA:175,33,0,0
BRDA:175,33,1,2
BRDA:183,34,0,0
BRDA:183,34,1,1
BRDA:187,35,0,0
BRDA:187,35,1,1
BRF:77
BRH:40
end_of_record
TN:
SF:.stryker-tmp\sandbox-KZebeO\routes\categories.js
FN:2,stryNS_9fa48
FN:8,retrieveNS
FN:15,stryCov_9fa48
FN:21,cover
FN:34,stryMutAct_9fa48
FN:36,isActive
FN:53,(anonymous_6)
FN:80,(anonymous_7)
FNF:8
FNH:8
FNDA:1,stryNS_9fa48
FNDA:3,retrieveNS
FNDA:1,stryCov_9fa48
FNDA:10,cover
FNDA:1,stryMutAct_9fa48
FNDA:10,isActive
FNDA:2,(anonymous_6)
FNDA:2,(anonymous_7)
DA:3,1
DA:4,1
DA:5,1
DA:6,0
DA:9,3
DA:11,1
DA:12,1
DA:14,1
DA:16,1
DA:17,1
DA:22,10
DA:23,10
DA:24,0
DA:26,10
DA:27,10
DA:28,10
DA:31,1
DA:32,1
DA:35,1
DA:37,10
DA:38,0
DA:39,0
DA:41,0
DA:43,10
DA:45,1
DA:46,1
DA:48,1
DA:49,1
DA:50,1
DA:53,1
DA:54,2
DA:57,2
DA:58,2
DA:59,2
DA:62,2
DA:63,2
DA:64,1
DA:67,1
DA:70,1
DA:71,1
DA:80,1
DA:81,2
DA:84,2
DA:85,2
DA:86,2
DA:89,1
LF:46
LH:41
BRDA:3,0,0,1
BRDA:3,0,1,1
BRDA:3,0,2,1
BRDA:3,0,3,1
BRDA:3,0,4,0
BRDA:4,1,0,1
BRDA:4,1,1,0
BRDA:5,2,0,0
BRDA:5,2,1,1
BRDA:5,3,0,1
BRDA:5,3,1,1
BRDA:5,3,2,1
BRDA:5,3,3,1
BRDA:17,4,0,1
BRDA:17,4,1,0
BRDA:23,5,0,0
BRDA:23,5,1,10
BRDA:24,6,0,0
BRDA:24,6,1,0
BRDA:28,7,0,10
BRDA:28,7,1,7
BRDA:37,8,0,0
BRDA:37,8,1,10
BRDA:38,9,0,0
BRDA:38,9,1,0
BRDA:38,10,0,0
BRDA:38,10,1,0
BRDA:53,11,0,0
BRDA:53,11,1,1
BRDA:54,12,0,0
BRDA:54,12,1,2
BRDA:59,13,0,0
BRDA:59,13,1,2
BRDA:67,14,0,0
BRDA:67,14,1,1
BRDA:71,15,0,0
BRDA:71,15,1,1
BRDA:80,16,0,0
BRDA:80,16,1,1
BRDA:81,17,0,0
BRDA:81,17,1,2
BRF:41
BRH:22
end_of_record
TN:
SF:.stryker-tmp\sandbox-KZebeO\routes\products.js
FN:2,stryNS_9fa48
FN:8,retrieveNS
FN:15,stryCov_9fa48
FN:21,cover
FN:34,stryMutAct_9fa48
FN:36,isActive
FN:53,(anonymous_6)
FN:80,(anonymous_7)
FN:107,(anonymous_8)
FN:139,(anonymous_9)
FNF:10
FNH:10
FNDA:1,stryNS_9fa48
FNDA:3,retrieveNS
FNDA:1,stryCov_9fa48
FNDA:51,cover
FNDA:1,stryMutAct_9fa48
FNDA:51,isActive
FNDA:4,(anonymous_6)
FNDA:3,(anonymous_7)
FNDA:4,(anonymous_8)
FNDA:3,(anonymous_9)
DA:3,1
DA:4,1
DA:5,1
DA:6,0
DA:9,3
DA:11,1
DA:12,1
DA:14,1
DA:16,1
DA:17,1
DA:22,51
DA:23,51
DA:24,0
DA:26,51
DA:27,51
DA:28,51
DA:31,1
DA:32,1
DA:35,1
DA:37,51
DA:38,0
DA:39,0
DA:41,0
DA:43,51
DA:45,1
DA:46,1
DA:48,1
DA:49,1
DA:50,1
DA:53,1
DA:54,4
DA:57,4
DA:58,4
DA:59,4
DA:62,4
DA:63,4
DA:64,1
DA:67,3
DA:70,3
DA:71,3
DA:80,1
DA:81,3
DA:84,3
DA:85,3
DA:86,3
DA:89,3
DA:90,3
DA:91,2
DA:94,1
DA:97,1
DA:98,1
DA:107,1
DA:108,4
DA:111,4
DA:112,4
DA:113,4
DA:116,4
DA:117,4
DA:122,4
DA:123,3
DA:126,1
DA:129,1
DA:130,1
DA:139,1
DA:140,3
DA:143,3
DA:144,3
DA:145,3
DA:148,3
DA:149,3
DA:154,3
DA:155,2
DA:158,1
DA:161,1
DA:162,1
DA:169,1
LF:76
LH:71
BRDA:3,0,0,1
BRDA:3,0,1,1
BRDA:3,0,2,1
BRDA:3,0,3,1
BRDA:3,0,4,0
BRDA:4,1,0,1
BRDA:4,1,1,0
BRDA:5,2,0,0
BRDA:5,2,1,1
BRDA:5,3,0,1
BRDA:5,3,1,1
BRDA:5,3,2,1
BRDA:5,3,3,1
BRDA:17,4,0,1
BRDA:17,4,1,0
BRDA:23,5,0,0
BRDA:23,5,1,51
BRDA:24,6,0,0
BRDA:24,6,1,0
BRDA:28,7,0,51
BRDA:28,7,1,22
BRDA:37,8,0,0
BRDA:37,8,1,51
BRDA:38,9,0,0
BRDA:38,9,1,0
BRDA:38,10,0,0
BRDA:38,10,1,0
BRDA:53,11,0,0
BRDA:53,11,1,1
BRDA:54,12,0,0
BRDA:54,12,1,4
BRDA:59,13,0,0
BRDA:59,13,1,4
BRDA:67,14,0,0
BRDA:67,14,1,3
BRDA:71,15,0,0
BRDA:71,15,1,3
BRDA:80,16,0,0
BRDA:80,16,1,1
BRDA:81,17,0,0
BRDA:81,17,1,3
BRDA:86,18,0,0
BRDA:86,18,1,3
BRDA:94,19,0,0
BRDA:94,19,1,1
BRDA:98,20,0,0
BRDA:98,20,1,1
BRDA:107,21,0,0
BRDA:107,21,1,1
BRDA:108,22,0,0
BRDA:108,22,1,4
BRDA:113,23,0,0
BRDA:113,23,1,4
BRDA:117,24,0,0
BRDA:117,24,1,4
BRDA:126,25,0,0
BRDA:126,25,1,1
BRDA:130,26,0,0
BRDA:130,26,1,1
BRDA:139,27,0,0
BRDA:139,27,1,1
BRDA:140,28,0,0
BRDA:140,28,1,3
BRDA:145,29,0,0
BRDA:145,29,1,3
BRDA:149,30,0,0
BRDA:149,30,1,3
BRDA:158,31,0,0
BRDA:158,31,1,1
BRDA:162,32,0,0
BRDA:162,32,1,1
BRF:71
BRH:37
end_of_record
TN:
SF:.stryker-tmp\sandbox-KZebeO\services\cartService.js
FN:2,stryNS_9fa48
FN:8,retrieveNS
FN:15,stryCov_9fa48
FN:21,cover
FN:34,stryMutAct_9fa48
FN:36,isActive
FN:52,(anonymous_6)
FN:70,(anonymous_7)
FN:126,(anonymous_8)
FN:148,(anonymous_9)
FN:174,(anonymous_10)
FN:203,(anonymous_11)
FNF:12
FNH:11
FNDA:2,stryNS_9fa48
FNDA:6,retrieveNS
FNDA:2,stryCov_9fa48
FNDA:151,cover
FNDA:2,stryMutAct_9fa48
FNDA:273,isActive
FNDA:8,(anonymous_6)
FNDA:10,(anonymous_7)
FNDA:3,(anonymous_8)
FNDA:0,(anonymous_9)
FNDA:6,(anonymous_10)
FNDA:5,(anonymous_11)
DA:3,2
DA:4,2
DA:5,2
DA:6,0
DA:9,6
DA:11,2
DA:12,2
DA:14,2
DA:16,2
DA:17,2
DA:22,151
DA:23,151
DA:24,0
DA:26,151
DA:27,151
DA:28,273
DA:31,2
DA:32,2
DA:35,2
DA:37,273
DA:38,0
DA:39,0
DA:41,0
DA:43,273
DA:45,2
DA:46,2
DA:48,2
DA:49,2
DA:50,2
DA:53,8
DA:56,8
DA:57,8
DA:58,1
DA:61,1
DA:62,1
DA:65,7
DA:71,10
DA:74,10
DA:75,10
DA:76,10
DA:77,2
DA:80,2
DA:81,2
DA:84,8
DA:85,1
DA:88,1
DA:89,1
DA:94,7
DA:100,7
DA:101,3
DA:104,3
DA:105,3
DA:106,3
DA:107,1
DA:110,1
DA:111,1
DA:114,2
DA:115,2
DA:116,1
DA:119,4
DA:127,3
DA:130,3
DA:131,3
DA:132,3
DA:133,2
DA:136,2
DA:137,2
DA:140,1
DA:146,1
DA:147,1
DA:148,1
DA:149,0
DA:152,0
DA:153,0
DA:154,0
DA:155,0
DA:156,0
DA:157,0
DA:164,1
DA:175,6
DA:178,6
DA:179,6
DA:182,6
DA:183,2
DA:186,2
DA:187,2
DA:190,4
DA:191,1
DA:194,1
DA:195,1
DA:198,3
DA:199,3
DA:200,2
DA:204,5
DA:207,5
DA:208,5
DA:209,4
DA:210,2
DA:213,2
DA:214,2
DA:217,2
DA:221,2
LF:102
LH:90
BRDA:3,0,0,2
BRDA:3,0,1,2
BRDA:3,0,2,2
BRDA:3,0,3,2
BRDA:3,0,4,0
BRDA:4,1,0,2
BRDA:4,1,1,1
BRDA:5,2,0,0
BRDA:5,2,1,2
BRDA:5,3,0,2
BRDA:5,3,1,2
BRDA:5,3,2,2
BRDA:5,3,3,2
BRDA:17,4,0,2
BRDA:17,4,1,1
BRDA:23,5,0,0
BRDA:23,5,1,151
BRDA:24,6,0,0
BRDA:24,6,1,0
BRDA:28,7,0,273
BRDA:28,7,1,107
BRDA:37,8,0,0
BRDA:37,8,1,273
BRDA:38,9,0,0
BRDA:38,9,1,0
BRDA:38,10,0,0
BRDA:38,10,1,0
BRDA:53,11,0,0
BRDA:53,11,1,8
BRDA:57,12,0,1
BRDA:57,12,1,7
BRDA:57,13,0,0
BRDA:57,13,1,8
BRDA:57,14,0,0
BRDA:57,14,1,8
BRDA:57,15,0,0
BRDA:57,15,1,8
BRDA:57,16,0,0
BRDA:57,16,1,8
BRDA:58,17,0,0
BRDA:58,17,1,1
BRDA:62,18,0,0
BRDA:62,18,1,1
BRDA:65,19,0,0
BRDA:65,19,1,7
BRDA:71,20,0,0
BRDA:71,20,1,10
BRDA:76,21,0,2
BRDA:76,21,1,8
BRDA:76,22,0,0
BRDA:76,22,1,10
BRDA:76,23,0,0
BRDA:76,23,1,10
BRDA:76,24,0,0
BRDA:76,24,1,10
BRDA:77,25,0,0
BRDA:77,25,1,2
BRDA:81,26,0,0
BRDA:81,26,1,2
BRDA:84,27,0,1
BRDA:84,27,1,7
BRDA:84,28,0,0
BRDA:84,28,1,8
BRDA:84,29,0,0
BRDA:84,29,1,8
BRDA:84,30,0,0
BRDA:84,30,1,8
BRDA:84,31,0,0
BRDA:84,31,1,8
BRDA:85,32,0,0
BRDA:85,32,1,1
BRDA:89,33,0,0
BRDA:89,33,1,1
BRDA:94,34,0,0
BRDA:94,34,1,7
BRDA:95,35,0,0
BRDA:95,35,1,7
BRDA:100,36,0,3
BRDA:100,36,1,4
BRDA:100,37,0,0
BRDA:100,37,1,7
BRDA:100,38,0,0
BRDA:100,38,1,7
BRDA:101,39,0,0
BRDA:101,39,1,3
BRDA:105,40,0,0
BRDA:105,40,1,3
BRDA:106,41,0,1
BRDA:106,41,1,2
BRDA:106,42,0,0
BRDA:106,42,1,3
BRDA:106,43,0,0
BRDA:106,43,1,3
BRDA:106,44,0,0
BRDA:106,44,1,3
BRDA:106,45,0,0
BRDA:106,45,1,3
BRDA:107,46,0,0
BRDA:107,46,1,1
BRDA:111,47,0,0
BRDA:111,47,1,1
BRDA:119,48,0,0
BRDA:119,48,1,4
BRDA:127,49,0,0
BRDA:127,49,1,3
BRDA:132,50,0,2
BRDA:132,50,1,1
BRDA:132,51,0,0
BRDA:132,51,1,3
BRDA:132,52,0,0
BRDA:132,52,1,3
BRDA:132,53,0,0
BRDA:132,53,1,3
BRDA:133,54,0,0
BRDA:133,54,1,2
BRDA:137,55,0,0
BRDA:137,55,1,2
BRDA:140,56,0,0
BRDA:140,56,1,1
BRDA:141,57,0,0
BRDA:141,57,1,1
BRDA:149,58,0,0
BRDA:149,58,1,0
BRDA:153,59,0,0
BRDA:153,59,1,0
BRDA:154,60,0,0
BRDA:154,60,1,0
BRDA:155,61,0,0
BRDA:155,61,1,0
BRDA:156,62,0,0
BRDA:156,62,1,0
BRDA:157,63,0,0
BRDA:157,63,1,0
BRDA:164,64,0,0
BRDA:164,64,1,1
BRDA:166,65,0,0
BRDA:166,65,1,1
BRDA:169,66,0,0
BRDA:169,66,1,1
BRDA:175,67,0,0
BRDA:175,67,1,6
BRDA:179,68,0,0
BRDA:179,68,1,6
BRDA:182,69,0,2
BRDA:182,69,1,4
BRDA:182,70,0,0
BRDA:182,70,1,6
BRDA:182,71,0,0
BRDA:182,71,1,6
BRDA:182,72,0,0
BRDA:182,72,1,6
BRDA:183,73,0,0
BRDA:183,73,1,2
BRDA:187,74,0,0
BRDA:187,74,1,2
BRDA:190,75,0,1
BRDA:190,75,1,3
BRDA:190,76,0,0
BRDA:190,76,1,4
BRDA:190,77,0,0
BRDA:190,77,1,4
BRDA:190,78,0,0
BRDA:190,78,1,4
BRDA:190,79,0,0
BRDA:190,79,1,4
BRDA:191,80,0,0
BRDA:191,80,1,1
BRDA:195,81,0,0
BRDA:195,81,1,1
BRDA:204,82,0,0
BRDA:204,82,1,5
BRDA:209,83,0,2
BRDA:209,83,1,2
BRDA:209,84,0,0
BRDA:209,84,1,4
BRDA:209,85,0,0
BRDA:209,85,1,4
BRDA:209,86,0,0
BRDA:209,86,1,4
BRDA:210,87,0,0
BRDA:210,87,1,2
BRDA:214,88,0,0
BRDA:214,88,1,2
BRF:183
BRH:98
end_of_record
TN:
SF:.stryker-tmp\sandbox-KZebeO\services\productService.js
FN:2,stryNS_9fa48
FN:8,retrieveNS
FN:15,stryCov_9fa48
FN:21,cover
FN:34,stryMutAct_9fa48
FN:36,isActive
FN:54,(anonymous_6)
FN:62,(anonymous_7)
FN:70,(anonymous_8)
FN:88,(anonymous_9)
FN:117,(anonymous_10)
FN:129,(anonymous_11)
FN:134,(anonymous_12)
FN:134,(anonymous_13)
FN:187,(anonymous_14)
FNF:15
FNH:14
FNDA:3,stryNS_9fa48
FNDA:9,retrieveNS
FNDA:3,stryCov_9fa48
FNDA:174,cover
FNDA:3,stryMutAct_9fa48
FNDA:255,isActive
FNDA:3,(anonymous_6)
FNDA:2,(anonymous_7)
FNDA:9,(anonymous_8)
FNDA:4,(anonymous_9)
FNDA:1,(anonymous_10)
FNDA:7,(anonymous_11)
FNDA:0,(anonymous_12)
FNDA:14,(anonymous_13)
FNDA:7,(anonymous_14)
DA:3,3
DA:4,3
DA:5,3
DA:6,0
DA:9,9
DA:11,3
DA:12,3
DA:14,3
DA:16,3
DA:17,3
DA:22,174
DA:23,174
DA:24,0
DA:26,174
DA:27,174
DA:28,255
DA:31,3
DA:32,3
DA:35,3
DA:37,255
DA:38,0
DA:39,0
DA:41,0
DA:43,255
DA:45,3
DA:46,3
DA:48,3
DA:49,3
DA:52,3
DA:55,3
DA:58,3
DA:59,3
DA:63,2
DA:66,2
DA:67,2
DA:71,9
DA:74,9
DA:76,9
DA:77,9
DA:78,2
DA:81,2
DA:82,2
DA:85,7
DA:89,4
DA:92,4
DA:94,4
DA:95,3
DA:98,3
DA:99,3
DA:100,3
DA:101,1
DA:104,1
DA:105,1
DA:110,3
DA:118,1
DA:121,1
DA:122,1
DA:130,7
DA:133,7
DA:134,14
DA:135,7
DA:136,1
DA:139,1
DA:140,1
DA:147,6
DA:148,6
DA:158,6
DA:159,2
DA:162,2
DA:163,2
DA:168,6
DA:169,1
DA:172,1
DA:173,1
DA:176,6
DA:177,1
DA:180,1
DA:181,1
DA:184,6
DA:188,7
DA:191,7
DA:196,7
DA:197,7
DA:205,7
DA:206,1
DA:209,1
DA:210,1
DA:215,7
DA:216,2
DA:219,2
DA:220,2
DA:223,7
DA:224,2
DA:227,2
DA:228,2
DA:231,7
DA:235,3
LF:97
LH:92
BRDA:3,0,0,3
BRDA:3,0,1,3
BRDA:3,0,2,3
BRDA:3,0,3,3
BRDA:3,0,4,0
BRDA:4,1,0,3
BRDA:4,1,1,1
BRDA:5,2,0,0
BRDA:5,2,1,3
BRDA:5,3,0,3
BRDA:5,3,1,3
BRDA:5,3,2,3
BRDA:5,3,3,3
BRDA:17,4,0,3
BRDA:17,4,1,1
BRDA:23,5,0,0
BRDA:23,5,1,174
BRDA:24,6,0,0
BRDA:24,6,1,0
BRDA:28,7,0,255
BRDA:28,7,1,94
BRDA:37,8,0,0
BRDA:37,8,1,255
BRDA:38,9,0,0
BRDA:38,9,1,0
BRDA:38,10,0,0
BRDA:38,10,1,0
BRDA:55,11,0,0
BRDA:55,11,1,3
BRDA:63,12,0,0
BRDA:63,12,1,2
BRDA:71,13,0,0
BRDA:71,13,1,9
BRDA:77,14,0,2
BRDA:77,14,1,7
BRDA:77,15,0,0
BRDA:77,15,1,9
BRDA:77,16,0,0
BRDA:77,16,1,9
BRDA:77,17,0,0
BRDA:77,17,1,9
BRDA:78,18,0,0
BRDA:78,18,1,2
BRDA:82,19,0,0
BRDA:82,19,1,2
BRDA:89,20,0,0
BRDA:89,20,1,4
BRDA:94,21,0,3
BRDA:94,21,1,1
BRDA:94,22,0,0
BRDA:94,22,1,4
BRDA:94,23,0,0
BRDA:94,23,1,4
BRDA:95,24,0,0
BRDA:95,24,1,3
BRDA:100,25,0,1
BRDA:100,25,1,2
BRDA:100,26,0,0
BRDA:100,26,1,3
BRDA:100,27,0,0
BRDA:100,27,1,3
BRDA:100,28,0,0
BRDA:100,28,1,3
BRDA:101,29,0,0
BRDA:101,29,1,1
BRDA:105,30,0,0
BRDA:105,30,1,1
BRDA:110,31,0,0
BRDA:110,31,1,3
BRDA:111,32,0,0
BRDA:111,32,1,3
BRDA:118,33,0,0
BRDA:118,33,1,1
BRDA:122,34,0,0
BRDA:122,34,1,1
BRDA:123,35,0,0
BRDA:123,35,1,1
BRDA:129,36,0,1
BRDA:130,37,0,0
BRDA:130,37,1,7
BRDA:134,38,0,6
BRDA:134,38,1,1
BRDA:134,39,0,0
BRDA:134,39,1,6
BRDA:134,40,0,0
BRDA:134,40,1,6
BRDA:134,41,0,0
BRDA:134,41,1,1
BRDA:135,42,0,1
BRDA:135,42,1,6
BRDA:135,43,0,0
BRDA:135,43,1,7
BRDA:135,44,0,0
BRDA:135,44,1,7
BRDA:135,45,0,0
BRDA:135,45,1,7
BRDA:136,46,0,0
BRDA:136,46,1,1
BRDA:140,47,0,0
BRDA:140,47,1,1
BRDA:148,48,0,0
BRDA:148,48,1,6
BRDA:149,49,0,0
BRDA:149,49,1,6
BRDA:150,50,0,0
BRDA:150,50,1,6
BRDA:151,51,0,6
BRDA:151,51,1,0
BRDA:151,52,0,0
BRDA:151,52,1,0
BRDA:158,53,0,2
BRDA:158,53,1,4
BRDA:158,54,0,0
BRDA:158,54,1,6
BRDA:158,55,0,0
BRDA:158,55,1,6
BRDA:159,56,0,0
BRDA:159,56,1,2
BRDA:163,57,0,0
BRDA:163,57,1,2
BRDA:163,58,0,0
BRDA:163,58,1,2
BRDA:168,59,0,1
BRDA:168,59,1,5
BRDA:168,60,0,0
BRDA:168,60,1,6
BRDA:168,61,0,0
BRDA:168,61,1,6
BRDA:169,62,0,0
BRDA:169,62,1,1
BRDA:176,63,0,1
BRDA:176,63,1,5
BRDA:176,64,0,0
BRDA:176,64,1,6
BRDA:176,65,0,0
BRDA:176,65,1,6
BRDA:177,66,0,0
BRDA:177,66,1,1
BRDA:187,67,0,1
BRDA:188,68,0,0
BRDA:188,68,1,7
BRDA:197,69,0,0
BRDA:197,69,1,7
BRDA:198,70,0,0
BRDA:198,70,1,7
BRDA:205,71,0,1
BRDA:205,71,1,6
BRDA:205,72,0,0
BRDA:205,72,1,7
BRDA:205,73,0,0
BRDA:205,73,1,7
BRDA:206,74,0,0
BRDA:206,74,1,1
BRDA:210,75,0,0
BRDA:210,75,1,1
BRDA:210,76,0,0
BRDA:210,76,1,1
BRDA:215,77,0,2
BRDA:215,77,1,5
BRDA:215,78,0,0
BRDA:215,78,1,7
BRDA:215,79,0,0
BRDA:215,79,1,7
BRDA:216,80,0,0
BRDA:216,80,1,2
BRDA:223,81,0,2
BRDA:223,81,1,5
BRDA:223,82,0,0
BRDA:223,82,1,7
BRDA:223,83,0,0
BRDA:223,83,1,7
BRDA:224,84,0,0
BRDA:224,84,1,2
BRF:173
BRH:101
end_of_record
TN:
SF:.stryker-tmp\sandbox-KZebeO\tests\setup\testDb.js
FN:10,(anonymous_0)
FN:16,(anonymous_1)
FNF:2
FNH:2
FNDA:3,(anonymous_0)
FNDA:3,(anonymous_1)
DA:2,3
DA:3,3
DA:4,3
DA:5,3
DA:10,3
DA:12,3
DA:16,3
DA:17,3
DA:20,3
LF:9
LH:9
BRF:0
BRH:0
end_of_record
TN:
SF:models\cart.js
FNF:0
FNH:0
DA:1,3
DA:2,3
DA:4,3
DA:11,3
LF:4
LH:4
BRF:0
BRH:0
end_of_record
TN:
SF:models\cartItem.js
FNF:0
FNH:0
DA:1,3
DA:2,3
DA:3,3
DA:4,3
DA:6,3
DA:14,3
DA:15,3
DA:17,3
LF:8
LH:8
BRF:0
BRH:0
end_of_record
TN:
SF:models\category.js
FNF:0
FNH:0
DA:1,3
DA:2,3
DA:4,3
DA:12,3
LF:4
LH:4
BRF:0
BRH:0
end_of_record
TN:
SF:models\index.js
FNF:0
FNH:0
DA:1,3
DA:3,3
DA:4,3
DA:10,3
DA:12,0
DA:17,0
LF:6
LH:4
BRDA:3,0,0,3
BRDA:3,0,1,0
BRF:2
BRH:1
end_of_record
TN:
SF:models\product.js
FNF:0
FNH:0
DA:1,3
DA:2,3
DA:3,3
DA:5,3
DA:36,3
DA:38,3
LF:6
LH:6
BRF:0
BRH:0
end_of_record
TN:
SF:routes\cart.js
FN:6,(anonymous_0)
FN:17,(anonymous_1)
FN:28,(anonymous_2)
FN:38,(anonymous_3)
FN:49,(anonymous_4)
FNF:5
FNH:5
FNDA:2,(anonymous_0)
FNDA:2,(anonymous_1)
FNDA:2,(anonymous_2)
FNDA:2,(anonymous_3)
FNDA:2,(anonymous_4)
DA:1,1
DA:2,1
DA:3,1
DA:6,1
DA:7,2
DA:8,2
DA:9,2
DA:10,1
DA:12,1
DA:17,1
DA:18,2
DA:19,2
DA:20,2
DA:21,1
DA:23,1
DA:28,1
DA:29,2
DA:30,2
DA:31,1
DA:33,1
DA:38,1
DA:39,2
DA:40,2
DA:41,2
DA:42,1
DA:44,1
DA:49,1
DA:50,2
DA:51,2
DA:52,1
DA:54,1
DA:58,1
LF:32
LH:32
BRF:0
BRH:0
end_of_record
TN:
SF:routes\categories.js
FN:6,(anonymous_0)
FN:16,(anonymous_1)
FNF:2
FNH:2
FNDA:2,(anonymous_0)
FNDA:2,(anonymous_1)
DA:1,1
DA:2,1
DA:3,1
DA:6,1
DA:7,2
DA:8,2
DA:9,1
DA:11,1
DA:16,1
DA:17,2
DA:18,2
DA:21,1
LF:12
LH:12
BRF:0
BRH:0
end_of_record
TN:
SF:routes\products.js
FN:6,(anonymous_0)
FN:16,(anonymous_1)
FN:26,(anonymous_2)
FN:46,(anonymous_3)
FNF:4
FNH:4
FNDA:4,(anonymous_0)
FNDA:3,(anonymous_1)
FNDA:4,(anonymous_2)
FNDA:3,(anonymous_3)
DA:1,1
DA:2,1
DA:3,1
DA:6,1
DA:7,4
DA:8,4
DA:9,1
DA:11,3
DA:16,1
DA:17,3
DA:18,3
DA:19,2
DA:21,1
DA:26,1
DA:27,4
DA:28,4
DA:34,4
DA:39,3
DA:41,1
DA:46,1
DA:47,3
DA:48,3
DA:54,3
DA:59,2
DA:61,1
DA:65,1
LF:26
LH:26
BRF:0
BRH:0
end_of_record
TN:
SF:services\cartService.js
FN:6,(anonymous_0)
FN:13,(anonymous_1)
FN:41,(anonymous_2)
FN:56,(anonymous_3)
FN:80,(anonymous_4)
FN:98,(anonymous_5)
FNF:6
FNH:5
FNDA:8,(anonymous_0)
FNDA:10,(anonymous_1)
FNDA:3,(anonymous_2)
FNDA:0,(anonymous_3)
FNDA:6,(anonymous_4)
FNDA:5,(anonymous_5)
DA:1,2
DA:2,2
DA:3,2
DA:7,8
DA:8,1
DA:10,7
DA:14,10
DA:15,10
DA:16,2
DA:19,8
DA:20,1
DA:24,7
DA:28,7
DA:29,3
DA:30,3
DA:31,1
DA:33,2
DA:34,2
DA:35,1
DA:38,4
DA:43,3
DA:44,3
DA:45,2
DA:48,1
DA:53,1
DA:54,1
DA:56,1
DA:57,0
DA:58,0
DA:60,0
DA:61,0
DA:63,0
DA:70,1
DA:81,6
DA:85,6
DA:86,2
DA:89,4
DA:90,1
DA:93,3
DA:94,3
DA:95,2
DA:99,5
DA:100,4
DA:101,2
DA:103,2
DA:107,2
LF:46
LH:41
BRDA:7,0,0,1
BRDA:7,0,1,7
BRDA:15,1,0,2
BRDA:15,1,1,8
BRDA:19,2,0,1
BRDA:19,2,1,7
BRDA:28,3,0,3
BRDA:28,3,1,4
BRDA:30,4,0,1
BRDA:30,4,1,2
BRDA:44,5,0,2
BRDA:44,5,1,1
BRDA:85,6,0,2
BRDA:85,6,1,4
BRDA:89,7,0,1
BRDA:89,7,1,3
BRDA:100,8,0,2
BRDA:100,8,1,2
BRF:18
BRH:18
end_of_record
TN:
SF:services\productService.js
FN:6,(anonymous_0)
FN:10,(anonymous_1)
FN:14,(anonymous_2)
FN:24,(anonymous_3)
FN:36,(anonymous_4)
FN:40,(anonymous_5)
FN:42,(anonymous_6)
FN:76,(anonymous_7)
FNF:8
FNH:8
FNDA:3,(anonymous_0)
FNDA:2,(anonymous_1)
FNDA:9,(anonymous_2)
FNDA:4,(anonymous_3)
FNDA:1,(anonymous_4)
FNDA:8,(anonymous_5)
FNDA:16,(anonymous_6)
FNDA:7,(anonymous_7)
DA:1,3
DA:2,3
DA:3,3
DA:7,3
DA:11,2
DA:16,9
DA:17,9
DA:18,2
DA:21,7
DA:26,4
DA:27,3
DA:28,3
DA:29,1
DA:33,3
DA:37,1
DA:41,8
DA:42,16
DA:45,8
DA:46,1
DA:49,7
DA:51,7
DA:61,7
DA:62,2
DA:66,7
DA:67,1
DA:69,7
DA:70,1
DA:73,7
DA:77,7
DA:79,7
DA:85,7
DA:86,1
DA:90,7
DA:91,2
DA:93,7
DA:94,2
DA:97,7
DA:101,3
LF:38
LH:38
BRDA:17,0,0,2
BRDA:17,0,1,7
BRDA:26,1,0,3
BRDA:26,1,1,1
BRDA:28,2,0,1
BRDA:28,2,1,2
BRDA:40,3,0,2
BRDA:41,4,0,7
BRDA:41,4,1,1
BRDA:45,5,0,1
BRDA:45,5,1,7
BRDA:54,6,0,7
BRDA:54,6,1,0
BRDA:61,7,0,2
BRDA:61,7,1,5
BRDA:66,8,0,1
BRDA:66,8,1,6
BRDA:69,9,0,1
BRDA:69,9,1,6
BRDA:76,10,0,1
BRDA:85,11,0,1
BRDA:85,11,1,6
BRDA:90,12,0,2
BRDA:90,12,1,5
BRDA:93,13,0,2
BRDA:93,13,1,5
BRF:26
BRH:25
end_of_record
TN:
SF:tests\setup\testDb.js
FN:9,(anonymous_0)
FN:15,(anonymous_1)
FNF:2
FNH:2
FNDA:3,(anonymous_0)
FNDA:3,(anonymous_1)
DA:1,3
DA:2,3
DA:3,3
DA:4,3
DA:9,3
DA:11,3
DA:15,3
DA:16,3
DA:19,3
LF:9
LH:9
BRF:0
BRH:0
end_of_record
